<?xml version="1.0" encoding="utf-8"?>
<coverage line-rate="0.658" branch-rate="0.554" version="1.9" timestamp="1587590376" lines-covered="1152" lines-valid="1752" branches-covered="385" branches-valid="695">
  <sources>
    <source>S:\src\</source>
  </sources>
  <packages>
    <package name="Microsoft.IsvPortal.PortalApi" line-rate="0.658" branch-rate="0.554" complexity="921">
      <classes>
        <class name="PortalApi.Controllers.InstallCountsController" filename="PortalApi\Controllers\InstallCountsController.cs" line-rate="1" branch-rate="0" complexity="1">
          <methods>
            <method name=".ctor" signature="(Microsoft.IsvPortal.PortalApi.Providers.IDataRepositoryProvider)" line-rate="1" branch-rate="0">
              <lines>
                <line number="26" hits="2" branch="False" />
                <line number="28" hits="2" branch="False" />
                <line number="29" hits="2" branch="False" />
              </lines>
            </method>
          </methods>
          <lines>
            <line number="26" hits="2" branch="False" />
            <line number="28" hits="2" branch="False" />
            <line number="29" hits="2" branch="False" />
          </lines>
        </class>
        <class name="PortalApi.Controllers.InstallCountsController/&lt;Get&gt;d__2" filename="PortalApi\Controllers\InstallCountsController.cs" line-rate="1" branch-rate="1" complexity="1">
          <methods>
            <method name="MoveNext" signature="()" line-rate="1" branch-rate="1">
              <lines>
                <line number="50" hits="2" branch="True" condition-coverage="100% (1/1)">
                  <conditions>
                    <condition number="48" type="jump" coverage="100%" />
                  </conditions>
                </line>
                <line number="51" hits="2" branch="False" />
                <line number="52" hits="2" branch="False" />
              </lines>
            </method>
          </methods>
          <lines>
            <line number="50" hits="2" branch="True" condition-coverage="100% (1/1)">
              <conditions>
                <condition number="48" type="jump" coverage="100%" />
              </conditions>
            </line>
            <line number="51" hits="2" branch="False" />
            <line number="52" hits="2" branch="False" />
          </lines>
        </class>
        <class name="Microsoft.PowerApps.ServiceCommon.Config.CoreGatewayConfig" filename="ServiceCommon\Config\CoreGatewayConfig.cs" line-rate="1" branch-rate="0" complexity="9">
          <methods>
            <method name="get_UpstreamHost" signature="()" line-rate="1" branch-rate="0">
              <lines>
                <line number="20" hits="5" branch="False" />
              </lines>
            </method>
            <method name="get_TrafficManagerUpstreamHost" signature="()" line-rate="1" branch-rate="0">
              <lines>
                <line number="27" hits="1" branch="False" />
              </lines>
            </method>
            <method name="get_UpstreamPathTemplate" signature="()" line-rate="1" branch-rate="0">
              <lines>
                <line number="32" hits="5" branch="False" />
              </lines>
            </method>
            <method name="get_VersionedUpstreamPathTemplate" signature="()" line-rate="1" branch-rate="0">
              <lines>
                <line number="37" hits="1" branch="False" />
              </lines>
            </method>
            <method name="get_DownstreamScheme" signature="()" line-rate="1" branch-rate="0">
              <lines>
                <line number="42" hits="5" branch="False" />
              </lines>
            </method>
            <method name="get_DownstreamPathTemplate" signature="()" line-rate="1" branch-rate="0">
              <lines>
                <line number="47" hits="5" branch="False" />
              </lines>
            </method>
            <method name="get_ServiceNamespace" signature="()" line-rate="1" branch-rate="0">
              <lines>
                <line number="53" hits="5" branch="False" />
              </lines>
            </method>
            <method name="get_ServiceName" signature="()" line-rate="1" branch-rate="0">
              <lines>
                <line number="59" hits="5" branch="False" />
              </lines>
            </method>
            <method name="get_Priority" signature="()" line-rate="1" branch-rate="0">
              <lines>
                <line number="64" hits="5" branch="False" />
              </lines>
            </method>
          </methods>
          <lines>
            <line number="20" hits="5" branch="False" />
            <line number="27" hits="1" branch="False" />
            <line number="32" hits="5" branch="False" />
            <line number="37" hits="1" branch="False" />
            <line number="42" hits="5" branch="False" />
            <line number="47" hits="5" branch="False" />
            <line number="53" hits="5" branch="False" />
            <line number="59" hits="5" branch="False" />
            <line number="64" hits="5" branch="False" />
          </lines>
        </class>
        <class name="Microsoft.PowerApps.ServiceCommon.Config.MdmConfiguration" filename="ServiceCommon\Config\MdmConfiguration.cs" line-rate="1" branch-rate="0" complexity="3">
          <methods>
            <method name="get_MdmAccount" signature="()" line-rate="1" branch-rate="0">
              <lines>
                <line number="21" hits="82" branch="False" />
              </lines>
            </method>
            <method name="get_MdmMetricNamespace" signature="()" line-rate="1" branch-rate="0">
              <lines>
                <line number="27" hits="82" branch="False" />
              </lines>
            </method>
            <method name="get_ActivityMetricNamespace" signature="()" line-rate="1" branch-rate="0">
              <lines>
                <line number="33" hits="82" branch="False" />
              </lines>
            </method>
          </methods>
          <lines>
            <line number="21" hits="82" branch="False" />
            <line number="27" hits="82" branch="False" />
            <line number="33" hits="82" branch="False" />
          </lines>
        </class>
        <class name="Microsoft.PowerApps.IsvPortal.PortalApi.Providers.AppCheckerBlobProvider" filename="PortalApi\Providers\AppCheckerBlobProvider.cs" line-rate="1" branch-rate="0" complexity="1">
          <methods>
            <method name=".ctor" signature="(Microsoft.IsvPortal.PortalApi.Utilities.IKeyVaultConfigStore,Microsoft.IsvPortal.PortalApi.Utilities.IAzureBlobExecutor)" line-rate="1" branch-rate="0">
              <lines>
                <line number="20" hits="42" branch="False" />
                <line number="22" hits="42" branch="False" />
                <line number="23" hits="42" branch="False" />
                <line number="24" hits="42" branch="False" />
              </lines>
            </method>
          </methods>
          <lines>
            <line number="20" hits="42" branch="False" />
            <line number="22" hits="42" branch="False" />
            <line number="23" hits="42" branch="False" />
            <line number="24" hits="42" branch="False" />
          </lines>
        </class>
        <class name="Microsoft.PowerApps.IsvPortal.PortalApi.Providers.AppCheckerBlobProvider/&lt;&gt;c__DisplayClass4_0/&lt;&lt;UploadBlobAsync&gt;b__0&gt;d" filename="PortalApi\Providers\AppCheckerBlobProvider.cs" line-rate="1" branch-rate="0.5" complexity="4">
          <methods>
            <method name="MoveNext" signature="()" line-rate="1" branch-rate="0.5">
              <lines>
                <line number="32" hits="2" branch="True" condition-coverage="50% (2/4)">
                  <conditions>
                    <condition number="15" type="jump" coverage="50%" />
                    <condition number="75" type="jump" coverage="50%" />
                  </conditions>
                </line>
              </lines>
            </method>
          </methods>
          <lines>
            <line number="32" hits="2" branch="True" condition-coverage="50% (2/4)">
              <conditions>
                <condition number="15" type="jump" coverage="50%" />
                <condition number="75" type="jump" coverage="50%" />
              </conditions>
            </line>
          </lines>
        </class>
        <class name="Microsoft.PowerApps.IsvPortal.PortalApi.Providers.AppCheckerBlobProvider/&lt;UploadBlobAsync&gt;d__4" filename="PortalApi\Providers\AppCheckerBlobProvider.cs" line-rate="1" branch-rate="1" complexity="1">
          <methods>
            <method name="MoveNext" signature="()" line-rate="1" branch-rate="1">
              <lines>
                <line number="29" hits="1" branch="False" />
                <line number="31" hits="1" branch="True" condition-coverage="100% (1/1)">
                  <conditions>
                    <condition number="172" type="jump" coverage="100%" />
                  </conditions>
                </line>
                <line number="34" hits="1" branch="False" />
                <line number="35" hits="1" branch="False" />
              </lines>
            </method>
          </methods>
          <lines>
            <line number="29" hits="1" branch="False" />
            <line number="31" hits="1" branch="True" condition-coverage="100% (1/1)">
              <conditions>
                <condition number="172" type="jump" coverage="100%" />
              </conditions>
            </line>
            <line number="34" hits="1" branch="False" />
            <line number="35" hits="1" branch="False" />
          </lines>
        </class>
        <class name="Microsoft.IsvPortal.ServiceCommon.IsvPortalServiceEnvironment" filename="ServiceCommon\IsvPortalServiceEnvironment.cs" line-rate="0.5" branch-rate="0" complexity="2">
          <methods>
            <method name="get_Logger" signature="()" line-rate="1" branch-rate="0">
              <lines>
                <line number="14" hits="443425" branch="False" />
              </lines>
            </method>
            <method name="get_ConfigurationManager" signature="()" line-rate="0" branch-rate="0">
              <lines>
                <line number="19" hits="0" branch="False" />
              </lines>
            </method>
          </methods>
          <lines>
            <line number="14" hits="443425" branch="False" />
            <line number="19" hits="0" branch="False" />
          </lines>
        </class>
        <class name="Microsoft.IsvPortal.PortalApi.ApiExceptionFilterAttribute" filename="PortalApi\ApiExceptionFilterAttribute.cs" line-rate="1" branch-rate="1" complexity="4">
          <methods>
            <method name="OnException" signature="(Microsoft.AspNetCore.Mvc.Filters.ExceptionContext)" line-rate="1" branch-rate="1">
              <lines>
                <line number="19" hits="3" branch="False" />
                <line number="20" hits="3" branch="True" condition-coverage="100% (2/2)">
                  <conditions>
                    <condition number="13" type="jump" coverage="100%" />
                  </conditions>
                </line>
                <line number="22" hits="1" branch="False" />
                <line number="23" hits="1" branch="False" />
                <line number="24" hits="1" branch="False" />
                <line number="25" hits="1" branch="False" />
                <line number="26" hits="2" branch="True" condition-coverage="100% (2/2)">
                  <conditions>
                    <condition number="89" type="jump" coverage="100%" />
                  </conditions>
                </line>
                <line number="28" hits="1" branch="False" />
                <line number="29" hits="1" branch="False" />
                <line number="30" hits="1" branch="False" />
                <line number="31" hits="1" branch="False" />
                <line number="34" hits="1" branch="False" />
                <line number="35" hits="1" branch="False" />
                <line number="37" hits="1" branch="False" />
                <line number="38" hits="1" branch="False" />
                <line number="45" hits="1" branch="False" />
                <line number="46" hits="1" branch="False" />
                <line number="47" hits="1" branch="False" />
                <line number="48" hits="1" branch="False" />
                <line number="51" hits="3" branch="False" />
                <line number="52" hits="3" branch="False" />
                <line number="53" hits="3" branch="False" />
              </lines>
            </method>
          </methods>
          <lines>
            <line number="19" hits="3" branch="False" />
            <line number="20" hits="3" branch="True" condition-coverage="100% (2/2)">
              <conditions>
                <condition number="13" type="jump" coverage="100%" />
              </conditions>
            </line>
            <line number="22" hits="1" branch="False" />
            <line number="23" hits="1" branch="False" />
            <line number="24" hits="1" branch="False" />
            <line number="25" hits="1" branch="False" />
            <line number="26" hits="2" branch="True" condition-coverage="100% (2/2)">
              <conditions>
                <condition number="89" type="jump" coverage="100%" />
              </conditions>
            </line>
            <line number="28" hits="1" branch="False" />
            <line number="29" hits="1" branch="False" />
            <line number="30" hits="1" branch="False" />
            <line number="31" hits="1" branch="False" />
            <line number="34" hits="1" branch="False" />
            <line number="35" hits="1" branch="False" />
            <line number="37" hits="1" branch="False" />
            <line number="38" hits="1" branch="False" />
            <line number="45" hits="1" branch="False" />
            <line number="46" hits="1" branch="False" />
            <line number="47" hits="1" branch="False" />
            <line number="48" hits="1" branch="False" />
            <line number="51" hits="3" branch="False" />
            <line number="52" hits="3" branch="False" />
            <line number="53" hits="3" branch="False" />
          </lines>
        </class>
        <class name="Microsoft.IsvPortal.PortalApi.PortalApi/&lt;&gt;c__DisplayClass6_0/&lt;&lt;RunAsync&gt;b__0&gt;d" filename="PortalApi\PortalApi.cs" line-rate="0" branch-rate="0" complexity="12">
          <methods>
            <method name="MoveNext" signature="()" line-rate="0" branch-rate="0">
              <lines>
                <line number="55" hits="0" branch="True" condition-coverage="0% (0/4)">
                  <conditions>
                    <condition number="15" type="jump" coverage="0%" />
                    <condition number="22" type="jump" coverage="0%" />
                  </conditions>
                </line>
                <line number="60" hits="0" branch="False" />
                <line number="61" hits="0" branch="True" condition-coverage="0% (0/2)">
                  <conditions>
                    <condition number="59" type="jump" coverage="0%" />
                  </conditions>
                </line>
                <line number="62" hits="0" branch="True" condition-coverage="0% (0/2)">
                  <conditions>
                    <condition number="90" type="jump" coverage="0%" />
                  </conditions>
                </line>
                <line number="65" hits="0" branch="True" condition-coverage="0% (0/2)">
                  <conditions>
                    <condition number="130" type="jump" coverage="0%" />
                  </conditions>
                </line>
                <line number="66" hits="0" branch="False" />
                <line number="69" hits="0" branch="True" condition-coverage="0% (0/2)">
                  <conditions>
                    <condition number="245" type="jump" coverage="0%" />
                  </conditions>
                </line>
              </lines>
            </method>
          </methods>
          <lines>
            <line number="55" hits="0" branch="True" condition-coverage="0% (0/4)">
              <conditions>
                <condition number="15" type="jump" coverage="0%" />
                <condition number="22" type="jump" coverage="0%" />
              </conditions>
            </line>
            <line number="60" hits="0" branch="False" />
            <line number="61" hits="0" branch="True" condition-coverage="0% (0/2)">
              <conditions>
                <condition number="59" type="jump" coverage="0%" />
              </conditions>
            </line>
            <line number="62" hits="0" branch="True" condition-coverage="0% (0/2)">
              <conditions>
                <condition number="90" type="jump" coverage="0%" />
              </conditions>
            </line>
            <line number="65" hits="0" branch="True" condition-coverage="0% (0/2)">
              <conditions>
                <condition number="130" type="jump" coverage="0%" />
              </conditions>
            </line>
            <line number="66" hits="0" branch="False" />
            <line number="69" hits="0" branch="True" condition-coverage="0% (0/2)">
              <conditions>
                <condition number="245" type="jump" coverage="0%" />
              </conditions>
            </line>
          </lines>
        </class>
        <class name="Microsoft.IsvPortal.PortalApi.Program" filename="PortalApi\Program.cs" line-rate="0" branch-rate="0" complexity="5">
          <methods>
            <method name="Main" signature="()" line-rate="0" branch-rate="0">
              <lines>
                <line number="32" hits="0" branch="False" />
                <line number="33" hits="0" branch="False" />
                <line number="34" hits="0" branch="False" />
                <line number="35" hits="0" branch="False" />
                <line number="36" hits="0" branch="False" />
                <line number="37" hits="0" branch="False" />
                <line number="38" hits="0" branch="False" />
                <line number="39" hits="0" branch="False" />
                <line number="40" hits="0" branch="False" />
                <line number="42" hits="0" branch="False" />
                <line number="48" hits="0" branch="False" />
                <line number="49" hits="0" branch="False" />
                <line number="50" hits="0" branch="False" />
                <line number="51" hits="0" branch="False" />
                <line number="54" hits="0" branch="False" />
                <line number="55" hits="0" branch="False" />
              </lines>
            </method>
            <method name="InitializeServiceEnvironment" signature="(Microsoft.Extensions.Logging.ILogger)" line-rate="0" branch-rate="0">
              <lines>
                <line number="59" hits="0" branch="False" />
                <line number="60" hits="0" branch="False" />
                <line number="62" hits="0" branch="False" />
                <line number="63" hits="0" branch="False" />
                <line number="64" hits="0" branch="False" />
                <line number="65" hits="0" branch="False" />
                <line number="69" hits="0" branch="False" />
                <line number="71" hits="0" branch="False" />
                <line number="72" hits="0" branch="False" />
                <line number="73" hits="0" branch="False" />
                <line number="74" hits="0" branch="False" />
                <line number="75" hits="0" branch="False" />
                <line number="76" hits="0" branch="False" />
                <line number="77" hits="0" branch="False" />
                <line number="78" hits="0" branch="False" />
                <line number="79" hits="0" branch="False" />
                <line number="80" hits="0" branch="False" />
                <line number="81" hits="0" branch="False" />
              </lines>
            </method>
            <method name="UnhandledException" signature="(System.Object,System.Threading.Tasks.UnobservedTaskExceptionEventArgs)" line-rate="0" branch-rate="0">
              <lines>
                <line number="86" hits="0" branch="False" />
                <line number="87" hits="0" branch="False" />
              </lines>
            </method>
            <method name="UnhandledException" signature="(System.Object,System.UnhandledExceptionEventArgs)" line-rate="0" branch-rate="0">
              <lines>
                <line number="91" hits="0" branch="False" />
                <line number="92" hits="0" branch="False" />
                <line number="93" hits="0" branch="False" />
              </lines>
            </method>
            <method name=".ctor" signature="(Microsoft.Extensions.Logging.ILogger)" line-rate="0" branch-rate="0">
              <lines>
                <line number="21" hits="0" branch="False" />
                <line number="23" hits="0" branch="False" />
                <line number="24" hits="0" branch="False" />
              </lines>
            </method>
          </methods>
          <lines>
            <line number="32" hits="0" branch="False" />
            <line number="33" hits="0" branch="False" />
            <line number="34" hits="0" branch="False" />
            <line number="35" hits="0" branch="False" />
            <line number="36" hits="0" branch="False" />
            <line number="37" hits="0" branch="False" />
            <line number="38" hits="0" branch="False" />
            <line number="39" hits="0" branch="False" />
            <line number="40" hits="0" branch="False" />
            <line number="42" hits="0" branch="False" />
            <line number="48" hits="0" branch="False" />
            <line number="49" hits="0" branch="False" />
            <line number="50" hits="0" branch="False" />
            <line number="51" hits="0" branch="False" />
            <line number="54" hits="0" branch="False" />
            <line number="55" hits="0" branch="False" />
            <line number="59" hits="0" branch="False" />
            <line number="60" hits="0" branch="False" />
            <line number="62" hits="0" branch="False" />
            <line number="63" hits="0" branch="False" />
            <line number="64" hits="0" branch="False" />
            <line number="65" hits="0" branch="False" />
            <line number="69" hits="0" branch="False" />
            <line number="71" hits="0" branch="False" />
            <line number="72" hits="0" branch="False" />
            <line number="73" hits="0" branch="False" />
            <line number="74" hits="0" branch="False" />
            <line number="75" hits="0" branch="False" />
            <line number="76" hits="0" branch="False" />
            <line number="77" hits="0" branch="False" />
            <line number="78" hits="0" branch="False" />
            <line number="79" hits="0" branch="False" />
            <line number="80" hits="0" branch="False" />
            <line number="81" hits="0" branch="False" />
            <line number="86" hits="0" branch="False" />
            <line number="87" hits="0" branch="False" />
            <line number="91" hits="0" branch="False" />
            <line number="92" hits="0" branch="False" />
            <line number="93" hits="0" branch="False" />
            <line number="21" hits="0" branch="False" />
            <line number="23" hits="0" branch="False" />
            <line number="24" hits="0" branch="False" />
          </lines>
        </class>
        <class name="Microsoft.IsvPortal.PortalApi.Startup" filename="PortalApi\Startup.cs" line-rate="0.609" branch-rate="0.727" complexity="24">
          <methods>
            <method name="ConfigureServices" signature="(Microsoft.Extensions.DependencyInjection.IServiceCollection)" line-rate="1" branch-rate="1">
              <lines>
                <line number="58" hits="41" branch="False" />
                <line number="59" hits="41" branch="False" />
                <line number="60" hits="41" branch="False" />
                <line number="61" hits="41" branch="False" />
                <line number="62" hits="41" branch="False" />
                <line number="65" hits="41" branch="False" />
                <line number="66" hits="41" branch="False" />
                <line number="67" hits="41" branch="False" />
                <line number="68" hits="41" branch="False" />
                <line number="69" hits="41" branch="False" />
                <line number="71" hits="41" branch="False" />
                <line number="72" hits="41" branch="False" />
                <line number="73" hits="41" branch="False" />
                <line number="74" hits="41" branch="False" />
                <line number="75" hits="41" branch="False" />
                <line number="77" hits="41" branch="False" />
                <line number="78" hits="41" branch="False" />
                <line number="81" hits="41" branch="False" />
                <line number="82" hits="41" branch="False" />
                <line number="83" hits="41" branch="False" />
                <line number="86" hits="41" branch="False" />
                <line number="87" hits="41" branch="False" />
                <line number="88" hits="41" branch="False" />
                <line number="89" hits="41" branch="False" />
                <line number="90" hits="41" branch="False" />
                <line number="91" hits="41" branch="False" />
                <line number="92" hits="41" branch="False" />
                <line number="93" hits="41" branch="False" />
                <line number="94" hits="41" branch="False" />
                <line number="95" hits="41" branch="False" />
                <line number="97" hits="41" branch="False" />
                <line number="98" hits="41" branch="False" />
                <line number="99" hits="41" branch="False" />
                <line number="100" hits="41" branch="False" />
                <line number="103" hits="41" branch="False" />
                <line number="105" hits="41" branch="True" condition-coverage="100% (2/2)">
                  <conditions>
                    <condition number="273" type="jump" coverage="100%" />
                  </conditions>
                </line>
                <line number="106" hits="41" branch="False" />
                <line number="107" hits="123" branch="False" />
                <line number="108" hits="82" branch="False" />
                <line number="109" hits="41" branch="False" />
                <line number="112" hits="41" branch="False" />
                <line number="114" hits="41" branch="False" />
                <line number="115" hits="41" branch="True" condition-coverage="100% (2/2)">
                  <conditions>
                    <condition number="332" type="jump" coverage="100%" />
                  </conditions>
                </line>
                <line number="116" hits="41" branch="False" />
                <line number="117" hits="82" branch="False" />
                <line number="118" hits="82" branch="False" />
                <line number="119" hits="82" branch="False" />
                <line number="120" hits="82" branch="False" />
                <line number="121" hits="82" branch="False" />
                <line number="122" hits="82" branch="False" />
                <line number="123" hits="82" branch="False" />
                <line number="125" hits="41" branch="True" condition-coverage="100% (2/2)">
                  <conditions>
                    <condition number="370" type="jump" coverage="100%" />
                  </conditions>
                </line>
                <line number="126" hits="41" branch="False" />
                <line number="127" hits="82" branch="False" />
                <line number="128" hits="82" branch="False" />
                <line number="129" hits="82" branch="False" />
                <line number="131" hits="41" branch="False" />
                <line number="132" hits="41" branch="False" />
                <line number="133" hits="41" branch="False" />
                <line number="134" hits="41" branch="False" />
                <line number="135" hits="41" branch="False" />
                <line number="136" hits="41" branch="False" />
                <line number="137" hits="41" branch="False" />
                <line number="138" hits="41" branch="False" />
                <line number="139" hits="41" branch="False" />
              </lines>
            </method>
            <method name="ConfigureKeyVault" signature="(Microsoft.Extensions.DependencyInjection.IServiceCollection)" line-rate="0" branch-rate="0">
              <lines>
                <line number="147" hits="0" branch="False" />
                <line number="148" hits="0" branch="False" />
                <line number="149" hits="0" branch="False" />
                <line number="150" hits="0" branch="False" />
                <line number="151" hits="0" branch="False" />
                <line number="152" hits="0" branch="False" />
                <line number="153" hits="0" branch="False" />
                <line number="154" hits="0" branch="False" />
              </lines>
            </method>
            <method name="ConfigureAuth" signature="(Microsoft.Extensions.DependencyInjection.IServiceCollection)" line-rate="0" branch-rate="0">
              <lines>
                <line number="162" hits="0" branch="False" />
                <line number="163" hits="0" branch="True" condition-coverage="0% (0/4)">
                  <conditions>
                    <condition number="57" type="jump" coverage="0%" />
                    <condition number="93" type="jump" coverage="0%" />
                  </conditions>
                </line>
                <line number="164" hits="0" branch="False" />
                <line number="165" hits="0" branch="False" />
                <line number="166" hits="0" branch="False" />
                <line number="167" hits="0" branch="True" condition-coverage="0% (0/2)">
                  <conditions>
                    <condition number="140" type="jump" coverage="0%" />
                  </conditions>
                </line>
                <line number="168" hits="0" branch="False" />
                <line number="169" hits="0" branch="False" />
                <line number="170" hits="0" branch="False" />
                <line number="171" hits="0" branch="False" />
                <line number="172" hits="0" branch="False" />
                <line number="173" hits="0" branch="False" />
                <line number="174" hits="0" branch="False" />
                <line number="175" hits="0" branch="False" />
                <line number="176" hits="0" branch="False" />
                <line number="177" hits="0" branch="False" />
                <line number="178" hits="0" branch="False" />
                <line number="179" hits="0" branch="False" />
                <line number="180" hits="0" branch="False" />
                <line number="181" hits="0" branch="False" />
                <line number="182" hits="0" branch="False" />
                <line number="183" hits="0" branch="False" />
                <line number="184" hits="0" branch="False" />
                <line number="185" hits="0" branch="False" />
                <line number="186" hits="0" branch="False" />
                <line number="187" hits="0" branch="False" />
                <line number="188" hits="0" branch="False" />
                <line number="189" hits="0" branch="False" />
                <line number="190" hits="0" branch="False" />
                <line number="191" hits="0" branch="False" />
                <line number="192" hits="0" branch="False" />
                <line number="193" hits="0" branch="False" />
                <line number="194" hits="0" branch="False" />
                <line number="195" hits="0" branch="False" />
                <line number="196" hits="0" branch="False" />
                <line number="197" hits="0" branch="False" />
                <line number="198" hits="0" branch="False" />
                <line number="199" hits="0" branch="False" />
                <line number="200" hits="0" branch="False" />
                <line number="201" hits="0" branch="False" />
                <line number="202" hits="0" branch="False" />
                <line number="203" hits="0" branch="False" />
                <line number="204" hits="0" branch="False" />
                <line number="205" hits="0" branch="False" />
                <line number="206" hits="0" branch="False" />
                <line number="207" hits="0" branch="False" />
                <line number="208" hits="0" branch="False" />
                <line number="209" hits="0" branch="False" />
                <line number="210" hits="0" branch="False" />
                <line number="211" hits="0" branch="False" />
                <line number="212" hits="0" branch="False" />
              </lines>
            </method>
            <method name="Configure" signature="(Microsoft.AspNetCore.Builder.IApplicationBuilder,Microsoft.AspNetCore.Hosting.IHostingEnvironment)" line-rate="1" branch-rate="1">
              <lines>
                <line number="221" hits="41" branch="True" condition-coverage="100% (2/2)">
                  <conditions>
                    <condition number="6" type="jump" coverage="100%" />
                  </conditions>
                </line>
                <line number="223" hits="41" branch="False" />
                <line number="226" hits="41" branch="True" condition-coverage="100% (2/2)">
                  <conditions>
                    <condition number="22" type="jump" coverage="100%" />
                  </conditions>
                </line>
                <line number="227" hits="41" branch="False" />
                <line number="228" hits="82" branch="False" />
                <line number="229" hits="82" branch="False" />
                <line number="230" hits="82" branch="False" />
                <line number="231" hits="82" branch="False" />
                <line number="232" hits="41" branch="False" />
                <line number="233" hits="82" branch="False" />
                <line number="234" hits="82" branch="False" />
                <line number="236" hits="82" branch="True" condition-coverage="100% (2/2)">
                  <conditions>
                    <condition number="60" type="jump" coverage="100%" />
                  </conditions>
                </line>
                <line number="237" hits="82" branch="False" />
                <line number="238" hits="82" branch="False" />
                <line number="239" hits="82" branch="False" />
                <line number="241" hits="41" branch="False" />
                <line number="242" hits="41" branch="False" />
                <line number="244" hits="82" branch="True" condition-coverage="100% (2/2)">
                  <conditions>
                    <condition number="112" type="jump" coverage="100%" />
                  </conditions>
                </line>
                <line number="245" hits="41" branch="True" condition-coverage="100% (2/2)">
                  <conditions>
                    <condition number="150" type="jump" coverage="100%" />
                  </conditions>
                </line>
                <line number="246" hits="41" branch="False" />
                <line number="247" hits="82" branch="False" />
                <line number="248" hits="82" branch="False" />
                <line number="249" hits="82" branch="False" />
                <line number="250" hits="41" branch="False" />
              </lines>
            </method>
            <method name=".ctor" signature="(Microsoft.PowerApps.CoreFramework.Configuration.IConfigurationManager)" line-rate="1" branch-rate="0">
              <lines>
                <line number="47" hits="41" branch="False" />
                <line number="49" hits="41" branch="False" />
                <line number="50" hits="41" branch="False" />
              </lines>
            </method>
          </methods>
          <lines>
            <line number="58" hits="41" branch="False" />
            <line number="59" hits="41" branch="False" />
            <line number="60" hits="41" branch="False" />
            <line number="61" hits="41" branch="False" />
            <line number="62" hits="41" branch="False" />
            <line number="65" hits="41" branch="False" />
            <line number="66" hits="41" branch="False" />
            <line number="67" hits="41" branch="False" />
            <line number="68" hits="41" branch="False" />
            <line number="69" hits="41" branch="False" />
            <line number="71" hits="41" branch="False" />
            <line number="72" hits="41" branch="False" />
            <line number="73" hits="41" branch="False" />
            <line number="74" hits="41" branch="False" />
            <line number="75" hits="41" branch="False" />
            <line number="77" hits="41" branch="False" />
            <line number="78" hits="41" branch="False" />
            <line number="81" hits="41" branch="False" />
            <line number="82" hits="41" branch="False" />
            <line number="83" hits="41" branch="False" />
            <line number="86" hits="41" branch="False" />
            <line number="87" hits="41" branch="False" />
            <line number="88" hits="41" branch="False" />
            <line number="89" hits="41" branch="False" />
            <line number="90" hits="41" branch="False" />
            <line number="91" hits="41" branch="False" />
            <line number="92" hits="41" branch="False" />
            <line number="93" hits="41" branch="False" />
            <line number="94" hits="41" branch="False" />
            <line number="95" hits="41" branch="False" />
            <line number="97" hits="41" branch="False" />
            <line number="98" hits="41" branch="False" />
            <line number="99" hits="41" branch="False" />
            <line number="100" hits="41" branch="False" />
            <line number="103" hits="41" branch="False" />
            <line number="105" hits="41" branch="True" condition-coverage="100% (2/2)">
              <conditions>
                <condition number="273" type="jump" coverage="100%" />
              </conditions>
            </line>
            <line number="106" hits="41" branch="False" />
            <line number="107" hits="123" branch="False" />
            <line number="108" hits="82" branch="False" />
            <line number="109" hits="41" branch="False" />
            <line number="112" hits="41" branch="False" />
            <line number="114" hits="41" branch="False" />
            <line number="115" hits="41" branch="True" condition-coverage="100% (2/2)">
              <conditions>
                <condition number="332" type="jump" coverage="100%" />
              </conditions>
            </line>
            <line number="116" hits="41" branch="False" />
            <line number="117" hits="82" branch="False" />
            <line number="118" hits="82" branch="False" />
            <line number="119" hits="82" branch="False" />
            <line number="120" hits="82" branch="False" />
            <line number="121" hits="82" branch="False" />
            <line number="122" hits="82" branch="False" />
            <line number="123" hits="82" branch="False" />
            <line number="125" hits="41" branch="True" condition-coverage="100% (2/2)">
              <conditions>
                <condition number="370" type="jump" coverage="100%" />
              </conditions>
            </line>
            <line number="126" hits="41" branch="False" />
            <line number="127" hits="82" branch="False" />
            <line number="128" hits="82" branch="False" />
            <line number="129" hits="82" branch="False" />
            <line number="131" hits="41" branch="False" />
            <line number="132" hits="41" branch="False" />
            <line number="133" hits="41" branch="False" />
            <line number="134" hits="41" branch="False" />
            <line number="135" hits="41" branch="False" />
            <line number="136" hits="41" branch="False" />
            <line number="137" hits="41" branch="False" />
            <line number="138" hits="41" branch="False" />
            <line number="139" hits="41" branch="False" />
            <line number="147" hits="0" branch="False" />
            <line number="148" hits="0" branch="False" />
            <line number="149" hits="0" branch="False" />
            <line number="150" hits="0" branch="False" />
            <line number="151" hits="0" branch="False" />
            <line number="152" hits="0" branch="False" />
            <line number="153" hits="0" branch="False" />
            <line number="154" hits="0" branch="False" />
            <line number="162" hits="0" branch="False" />
            <line number="163" hits="0" branch="True" condition-coverage="0% (0/4)">
              <conditions>
                <condition number="57" type="jump" coverage="0%" />
                <condition number="93" type="jump" coverage="0%" />
              </conditions>
            </line>
            <line number="164" hits="0" branch="False" />
            <line number="165" hits="0" branch="False" />
            <line number="166" hits="0" branch="False" />
            <line number="167" hits="0" branch="True" condition-coverage="0% (0/2)">
              <conditions>
                <condition number="140" type="jump" coverage="0%" />
              </conditions>
            </line>
            <line number="168" hits="0" branch="False" />
            <line number="169" hits="0" branch="False" />
            <line number="170" hits="0" branch="False" />
            <line number="171" hits="0" branch="False" />
            <line number="172" hits="0" branch="False" />
            <line number="173" hits="0" branch="False" />
            <line number="174" hits="0" branch="False" />
            <line number="175" hits="0" branch="False" />
            <line number="176" hits="0" branch="False" />
            <line number="177" hits="0" branch="False" />
            <line number="178" hits="0" branch="False" />
            <line number="179" hits="0" branch="False" />
            <line number="180" hits="0" branch="False" />
            <line number="181" hits="0" branch="False" />
            <line number="182" hits="0" branch="False" />
            <line number="183" hits="0" branch="False" />
            <line number="184" hits="0" branch="False" />
            <line number="185" hits="0" branch="False" />
            <line number="186" hits="0" branch="False" />
            <line number="187" hits="0" branch="False" />
            <line number="188" hits="0" branch="False" />
            <line number="189" hits="0" branch="False" />
            <line number="190" hits="0" branch="False" />
            <line number="191" hits="0" branch="False" />
            <line number="192" hits="0" branch="False" />
            <line number="193" hits="0" branch="False" />
            <line number="194" hits="0" branch="False" />
            <line number="195" hits="0" branch="False" />
            <line number="196" hits="0" branch="False" />
            <line number="197" hits="0" branch="False" />
            <line number="198" hits="0" branch="False" />
            <line number="199" hits="0" branch="False" />
            <line number="200" hits="0" branch="False" />
            <line number="201" hits="0" branch="False" />
            <line number="202" hits="0" branch="False" />
            <line number="203" hits="0" branch="False" />
            <line number="204" hits="0" branch="False" />
            <line number="205" hits="0" branch="False" />
            <line number="206" hits="0" branch="False" />
            <line number="207" hits="0" branch="False" />
            <line number="208" hits="0" branch="False" />
            <line number="209" hits="0" branch="False" />
            <line number="210" hits="0" branch="False" />
            <line number="211" hits="0" branch="False" />
            <line number="212" hits="0" branch="False" />
            <line number="221" hits="41" branch="True" condition-coverage="100% (2/2)">
              <conditions>
                <condition number="6" type="jump" coverage="100%" />
              </conditions>
            </line>
            <line number="223" hits="41" branch="False" />
            <line number="226" hits="41" branch="True" condition-coverage="100% (2/2)">
              <conditions>
                <condition number="22" type="jump" coverage="100%" />
              </conditions>
            </line>
            <line number="227" hits="41" branch="False" />
            <line number="228" hits="82" branch="False" />
            <line number="229" hits="82" branch="False" />
            <line number="230" hits="82" branch="False" />
            <line number="231" hits="82" branch="False" />
            <line number="232" hits="41" branch="False" />
            <line number="233" hits="82" branch="False" />
            <line number="234" hits="82" branch="False" />
            <line number="236" hits="82" branch="True" condition-coverage="100% (2/2)">
              <conditions>
                <condition number="60" type="jump" coverage="100%" />
              </conditions>
            </line>
            <line number="237" hits="82" branch="False" />
            <line number="238" hits="82" branch="False" />
            <line number="239" hits="82" branch="False" />
            <line number="241" hits="41" branch="False" />
            <line number="242" hits="41" branch="False" />
            <line number="244" hits="82" branch="True" condition-coverage="100% (2/2)">
              <conditions>
                <condition number="112" type="jump" coverage="100%" />
              </conditions>
            </line>
            <line number="245" hits="41" branch="True" condition-coverage="100% (2/2)">
              <conditions>
                <condition number="150" type="jump" coverage="100%" />
              </conditions>
            </line>
            <line number="246" hits="41" branch="False" />
            <line number="247" hits="82" branch="False" />
            <line number="248" hits="82" branch="False" />
            <line number="249" hits="82" branch="False" />
            <line number="250" hits="41" branch="False" />
            <line number="47" hits="41" branch="False" />
            <line number="49" hits="41" branch="False" />
            <line number="50" hits="41" branch="False" />
          </lines>
        </class>
        <class name="Microsoft.IsvPortal.PortalApi.Startup/&lt;&gt;c" filename="PortalApi\Startup.cs" line-rate="0" branch-rate="1" complexity="2">
          <methods />
          <lines />
        </class>
        <class name="Microsoft.IsvPortal.PortalApi.Startup/&lt;&gt;c/&lt;&lt;Configure&gt;b__5_0&gt;d" filename="PortalApi\Startup.cs" line-rate="0" branch-rate="0.5" complexity="4">
          <methods />
          <lines />
        </class>
        <class name="Microsoft.IsvPortal.PortalApi.Startup/&lt;&gt;c__DisplayClass3_0/&lt;&lt;ConfigureKeyVault&gt;b__0&gt;d" filename="PortalApi\Startup.cs" line-rate="0" branch-rate="0" complexity="4">
          <methods />
          <lines />
        </class>
        <class name="Microsoft.IsvPortal.PortalApi.Startup/&lt;&gt;c__DisplayClass4_0" filename="PortalApi\Startup.cs" line-rate="0" branch-rate="0" complexity="12">
          <methods />
          <lines />
        </class>
        <class name="Microsoft.IsvPortal.PortalApi.SwaggerDocumentFilter" filename="PortalApi\SwaggerDocumentFilter.cs" line-rate="0" branch-rate="0" complexity="3">
          <methods>
            <method name="get_Host" signature="()" line-rate="0" branch-rate="0">
              <lines>
                <line number="18" hits="0" branch="False" />
              </lines>
            </method>
            <method name="Apply" signature="(Swashbuckle.AspNetCore.Swagger.SwaggerDocument,Swashbuckle.AspNetCore.SwaggerGen.DocumentFilterContext)" line-rate="0" branch-rate="0">
              <lines>
                <line number="36" hits="0" branch="False" />
                <line number="37" hits="0" branch="False" />
                <line number="38" hits="0" branch="False" />
                <line number="39" hits="0" branch="False" />
              </lines>
            </method>
            <method name=".ctor" signature="(System.String)" line-rate="0" branch-rate="0">
              <lines>
                <line number="24" hits="0" branch="False" />
                <line number="26" hits="0" branch="False" />
                <line number="27" hits="0" branch="False" />
              </lines>
            </method>
          </methods>
          <lines>
            <line number="18" hits="0" branch="False" />
            <line number="36" hits="0" branch="False" />
            <line number="37" hits="0" branch="False" />
            <line number="38" hits="0" branch="False" />
            <line number="39" hits="0" branch="False" />
            <line number="24" hits="0" branch="False" />
            <line number="26" hits="0" branch="False" />
            <line number="27" hits="0" branch="False" />
          </lines>
        </class>
        <class name="Microsoft.IsvPortal.PortalApi.Utilities.OutgoingActivity`1" filename="PortalApi\Utilities\Activities.cs" line-rate="1" branch-rate="0" complexity="1">
          <methods>
            <method name=".ctor" signature="()" line-rate="1" branch-rate="0">
              <lines>
                <line number="205" hits="6" branch="False" />
                <line number="207" hits="6" branch="False" />
              </lines>
            </method>
          </methods>
          <lines>
            <line number="205" hits="6" branch="False" />
            <line number="207" hits="6" branch="False" />
          </lines>
        </class>
        <class name="Microsoft.IsvPortal.PortalApi.Utilities.KPIActivity`1" filename="PortalApi\Utilities\Activities.cs" line-rate="1" branch-rate="0" complexity="1">
          <methods>
            <method name=".ctor" signature="()" line-rate="1" branch-rate="0">
              <lines>
                <line number="218" hits="16" branch="False" />
                <line number="220" hits="16" branch="False" />
              </lines>
            </method>
          </methods>
          <lines>
            <line number="218" hits="16" branch="False" />
            <line number="220" hits="16" branch="False" />
          </lines>
        </class>
        <class name="Microsoft.IsvPortal.PortalApi.Utilities.SingletonActivity`1" filename="PortalApi\Utilities\Activities.cs" line-rate="1" branch-rate="0" complexity="1">
          <methods>
            <method name=".ctor" signature="()" line-rate="1" branch-rate="0">
              <lines>
                <line number="231" hits="4" branch="False" />
                <line number="233" hits="4" branch="False" />
              </lines>
            </method>
          </methods>
          <lines>
            <line number="231" hits="4" branch="False" />
            <line number="233" hits="4" branch="False" />
          </lines>
        </class>
        <class name="Microsoft.IsvPortal.PortalApi.Utilities.AsyncExtensions" filename="PortalApi\Utilities\AsyncExtensions.cs" line-rate="0" branch-rate="0" complexity="2">
          <methods>
            <method name="RunAsSync" signature="(System.Threading.Tasks.Task`1&lt;TResult&gt;)" line-rate="0" branch-rate="0">
              <lines>
                <line number="18" hits="0" branch="False" />
              </lines>
            </method>
            <method name="RunAsSync" signature="(System.Threading.Tasks.Task)" line-rate="0" branch-rate="0">
              <lines>
                <line number="27" hits="0" branch="False" />
                <line number="28" hits="0" branch="False" />
              </lines>
            </method>
          </methods>
          <lines>
            <line number="18" hits="0" branch="False" />
            <line number="27" hits="0" branch="False" />
            <line number="28" hits="0" branch="False" />
          </lines>
        </class>
        <class name="Microsoft.IsvPortal.PortalApi.Utilities.AzureBlobExecutor" filename="PortalApi\Utilities\AzureBlobExecutor.cs" line-rate="0" branch-rate="0" complexity="4">
          <methods>
            <method name="GetBlobSasReference" signature="(System.String,System.String,System.String,System.Int32)" line-rate="0" branch-rate="0">
              <lines>
                <line number="49" hits="0" branch="True" condition-coverage="0% (0/2)">
                  <conditions>
                    <condition number="8" type="jump" coverage="0%" />
                  </conditions>
                </line>
                <line number="53" hits="0" branch="False" />
                <line number="54" hits="0" branch="False" />
                <line number="56" hits="0" branch="True" condition-coverage="0% (0/2)">
                  <conditions>
                    <condition number="34" type="jump" coverage="0%" />
                  </conditions>
                </line>
                <line number="58" hits="0" branch="False" />
                <line number="60" hits="0" branch="False" />
                <line number="61" hits="0" branch="False" />
                <line number="62" hits="0" branch="False" />
                <line number="63" hits="0" branch="False" />
                <line number="64" hits="0" branch="False" />
                <line number="65" hits="0" branch="False" />
                <line number="66" hits="0" branch="False" />
                <line number="68" hits="0" branch="False" />
                <line number="69" hits="0" branch="False" />
                <line number="71" hits="0" branch="False" />
                <line number="72" hits="0" branch="False" />
                <line number="76" hits="0" branch="False" />
                <line number="78" hits="0" branch="False" />
                <line number="79" hits="0" branch="False" />
              </lines>
            </method>
          </methods>
          <lines>
            <line number="49" hits="0" branch="True" condition-coverage="0% (0/2)">
              <conditions>
                <condition number="8" type="jump" coverage="0%" />
              </conditions>
            </line>
            <line number="53" hits="0" branch="False" />
            <line number="54" hits="0" branch="False" />
            <line number="56" hits="0" branch="True" condition-coverage="0% (0/2)">
              <conditions>
                <condition number="34" type="jump" coverage="0%" />
              </conditions>
            </line>
            <line number="58" hits="0" branch="False" />
            <line number="60" hits="0" branch="False" />
            <line number="61" hits="0" branch="False" />
            <line number="62" hits="0" branch="False" />
            <line number="63" hits="0" branch="False" />
            <line number="64" hits="0" branch="False" />
            <line number="65" hits="0" branch="False" />
            <line number="66" hits="0" branch="False" />
            <line number="68" hits="0" branch="False" />
            <line number="69" hits="0" branch="False" />
            <line number="71" hits="0" branch="False" />
            <line number="72" hits="0" branch="False" />
            <line number="76" hits="0" branch="False" />
            <line number="78" hits="0" branch="False" />
            <line number="79" hits="0" branch="False" />
          </lines>
        </class>
        <class name="Microsoft.IsvPortal.PortalApi.Utilities.AzureBlobExecutor/&lt;UploadBlobAsync&gt;d__0" filename="PortalApi\Utilities\AzureBlobExecutor.cs" line-rate="0" branch-rate="0" complexity="8">
          <methods>
            <method name="MoveNext" signature="()" line-rate="0" branch-rate="0">
              <lines>
                <line number="19" hits="0" branch="True" condition-coverage="0% (0/4)">
                  <conditions>
                    <condition number="23" type="jump" coverage="0%" />
                    <condition number="30" type="jump" coverage="0%" />
                  </conditions>
                </line>
                <line number="23" hits="0" branch="False" />
                <line number="24" hits="0" branch="False" />
                <line number="26" hits="0" branch="True" condition-coverage="0% (0/2)">
                  <conditions>
                    <condition number="58" type="jump" coverage="0%" />
                  </conditions>
                </line>
                <line number="28" hits="0" branch="False" />
                <line number="30" hits="0" branch="True" condition-coverage="0% (0/2)">
                  <conditions>
                    <condition number="96" type="jump" coverage="0%" />
                  </conditions>
                </line>
                <line number="32" hits="0" branch="False" />
                <line number="33" hits="0" branch="False" />
                <line number="35" hits="0" branch="False" />
                <line number="36" hits="0" branch="False" />
                <line number="40" hits="0" branch="False" />
                <line number="42" hits="0" branch="False" />
              </lines>
            </method>
          </methods>
          <lines>
            <line number="19" hits="0" branch="True" condition-coverage="0% (0/4)">
              <conditions>
                <condition number="23" type="jump" coverage="0%" />
                <condition number="30" type="jump" coverage="0%" />
              </conditions>
            </line>
            <line number="23" hits="0" branch="False" />
            <line number="24" hits="0" branch="False" />
            <line number="26" hits="0" branch="True" condition-coverage="0% (0/2)">
              <conditions>
                <condition number="58" type="jump" coverage="0%" />
              </conditions>
            </line>
            <line number="28" hits="0" branch="False" />
            <line number="30" hits="0" branch="True" condition-coverage="0% (0/2)">
              <conditions>
                <condition number="96" type="jump" coverage="0%" />
              </conditions>
            </line>
            <line number="32" hits="0" branch="False" />
            <line number="33" hits="0" branch="False" />
            <line number="35" hits="0" branch="False" />
            <line number="36" hits="0" branch="False" />
            <line number="40" hits="0" branch="False" />
            <line number="42" hits="0" branch="False" />
          </lines>
        </class>
        <class name="Microsoft.IsvPortal.PortalApi.Utilities.KeyVaultCertStore" filename="PortalApi\Utilities\KeyVaultCertStore.cs" line-rate="1" branch-rate="0" complexity="2">
          <methods>
            <method name="GetCert" signature="(Microsoft.IsvPortal.PortalApi.Utilities.KeyVaultSecretKey)" line-rate="1" branch-rate="0">
              <lines>
                <line number="20" hits="2" branch="False" />
                <line number="21" hits="1" branch="False" />
              </lines>
            </method>
            <method name=".ctor" signature="(Microsoft.IsvPortal.PortalApi.Utilities.IKeyVaultConfigStore)" line-rate="1" branch-rate="0">
              <lines>
                <line number="12" hits="2" branch="False" />
                <line number="14" hits="2" branch="False" />
                <line number="15" hits="2" branch="False" />
              </lines>
            </method>
          </methods>
          <lines>
            <line number="20" hits="2" branch="False" />
            <line number="21" hits="1" branch="False" />
            <line number="12" hits="2" branch="False" />
            <line number="14" hits="2" branch="False" />
            <line number="15" hits="2" branch="False" />
          </lines>
        </class>
        <class name="Microsoft.IsvPortal.PortalApi.Utilities.KeyVaultConfigStore" filename="PortalApi\Utilities\KeyVaultConfigStore.cs" line-rate="0.412" branch-rate="0.25" complexity="6">
          <methods>
            <method name="GetValue" signature="(Microsoft.IsvPortal.PortalApi.Utilities.KeyVaultSecretKey)" line-rate="1" branch-rate="0">
              <lines>
                <line number="43" hits="1" branch="False" />
              </lines>
            </method>
            <method name="GetSecretLogMessage" signature="(Microsoft.Azure.KeyVault.Models.SecretBundle)" line-rate="0.286" branch-rate="0.25">
              <lines>
                <line number="68" hits="9" branch="False" />
                <line number="71" hits="9" branch="True" condition-coverage="50% (1/2)">
                  <conditions>
                    <condition number="12" type="jump" coverage="50%" />
                  </conditions>
                </line>
                <line number="73" hits="0" branch="False" />
                <line number="74" hits="0" branch="True" condition-coverage="0% (0/2)">
                  <conditions>
                    <condition number="57" type="jump" coverage="0%" />
                  </conditions>
                </line>
                <line number="77" hits="0" branch="False" />
                <line number="78" hits="0" branch="False" />
                <line number="79" hits="0" branch="False" />
                <line number="81" hits="0" branch="False" />
                <line number="84" hits="0" branch="False" />
                <line number="86" hits="9" branch="False" />
                <line number="88" hits="0" branch="False" />
                <line number="90" hits="0" branch="False" />
                <line number="91" hits="0" branch="False" />
                <line number="94" hits="9" branch="False" />
              </lines>
            </method>
            <method name=".ctor" signature="()" line-rate="1" branch-rate="0">
              <lines>
                <line number="20" hits="2" branch="False" />
                <line number="22" hits="2" branch="False" />
              </lines>
            </method>
          </methods>
          <lines>
            <line number="43" hits="1" branch="False" />
            <line number="68" hits="9" branch="False" />
            <line number="71" hits="9" branch="True" condition-coverage="50% (1/2)">
              <conditions>
                <condition number="12" type="jump" coverage="50%" />
              </conditions>
            </line>
            <line number="73" hits="0" branch="False" />
            <line number="74" hits="0" branch="True" condition-coverage="0% (0/2)">
              <conditions>
                <condition number="57" type="jump" coverage="0%" />
              </conditions>
            </line>
            <line number="77" hits="0" branch="False" />
            <line number="78" hits="0" branch="False" />
            <line number="79" hits="0" branch="False" />
            <line number="81" hits="0" branch="False" />
            <line number="84" hits="0" branch="False" />
            <line number="86" hits="9" branch="False" />
            <line number="88" hits="0" branch="False" />
            <line number="90" hits="0" branch="False" />
            <line number="91" hits="0" branch="False" />
            <line number="94" hits="9" branch="False" />
            <line number="20" hits="2" branch="False" />
            <line number="22" hits="2" branch="False" />
          </lines>
        </class>
        <class name="Microsoft.IsvPortal.PortalApi.Utilities.KeyVaultConfigStore/&lt;CreateAsync&gt;d__2" filename="PortalApi\Utilities\KeyVaultConfigStore.cs" line-rate="1" branch-rate="1" complexity="1">
          <methods>
            <method name="MoveNext" signature="()" line-rate="1" branch-rate="1">
              <lines>
                <line number="29" hits="2" branch="False" />
                <line number="30" hits="2" branch="True" condition-coverage="100% (1/1)">
                  <conditions>
                    <condition number="51" type="jump" coverage="100%" />
                  </conditions>
                </line>
                <line number="31" hits="1" branch="False" />
                <line number="32" hits="1" branch="False" />
              </lines>
            </method>
          </methods>
          <lines>
            <line number="29" hits="2" branch="False" />
            <line number="30" hits="2" branch="True" condition-coverage="100% (1/1)">
              <conditions>
                <condition number="51" type="jump" coverage="100%" />
              </conditions>
            </line>
            <line number="31" hits="1" branch="False" />
            <line number="32" hits="1" branch="False" />
          </lines>
        </class>
        <class name="Microsoft.IsvPortal.PortalApi.Utilities.KeyVaultConfigStore/&lt;InitializeAsync&gt;d__4" filename="PortalApi\Utilities\KeyVaultConfigStore.cs" line-rate="1" branch-rate="1" complexity="3">
          <methods>
            <method name="MoveNext" signature="()" line-rate="1" branch-rate="1">
              <lines>
                <line number="52" hits="2" branch="False" />
                <line number="53" hits="23" branch="True" condition-coverage="100% (2/2)">
                  <conditions>
                    <condition number="274" type="jump" coverage="100%" />
                  </conditions>
                </line>
                <line number="58" hits="10" branch="True" condition-coverage="100% (1/1)">
                  <conditions>
                    <condition number="129" type="jump" coverage="100%" />
                  </conditions>
                </line>
                <line number="59" hits="9" branch="False" />
                <line number="60" hits="9" branch="False" />
                <line number="63" hits="1" branch="False" />
                <line number="64" hits="1" branch="False" />
              </lines>
            </method>
          </methods>
          <lines>
            <line number="52" hits="2" branch="False" />
            <line number="53" hits="23" branch="True" condition-coverage="100% (2/2)">
              <conditions>
                <condition number="274" type="jump" coverage="100%" />
              </conditions>
            </line>
            <line number="58" hits="10" branch="True" condition-coverage="100% (1/1)">
              <conditions>
                <condition number="129" type="jump" coverage="100%" />
              </conditions>
            </line>
            <line number="59" hits="9" branch="False" />
            <line number="60" hits="9" branch="False" />
            <line number="63" hits="1" branch="False" />
            <line number="64" hits="1" branch="False" />
          </lines>
        </class>
        <class name="Microsoft.IsvPortal.PortalApi.Utilities.SqlExecutor/&lt;&gt;c__DisplayClass0_0`1/&lt;&lt;ExecuteReaderAsync&gt;b__0&gt;d" filename="PortalApi\Utilities\SqlExecutor.cs" line-rate="1" branch-rate="0.188" complexity="16">
          <methods>
            <method name="MoveNext" signature="()" line-rate="1" branch-rate="0.188">
              <lines>
                <line number="27" hits="34" branch="True" condition-coverage="37.5% (3/8)">
                  <conditions>
                    <condition number="15" type="jump" coverage="50%" />
                    <condition number="19" type="jump" coverage="50%" />
                    <condition number="46" type="jump" coverage="50%" />
                    <condition number="131" type="jump" coverage="0%" />
                  </conditions>
                </line>
                <line number="28" hits="17" branch="True" condition-coverage="0% (0/2)">
                  <conditions>
                    <condition number="153" type="jump" coverage="0%" />
                  </conditions>
                </line>
                <line number="30" hits="17" branch="True" condition-coverage="0% (0/2)">
                  <conditions>
                    <condition number="164" type="jump" coverage="0%" />
                  </conditions>
                </line>
                <line number="32" hits="17" branch="True" condition-coverage="0% (0/2)">
                  <conditions>
                    <condition number="228" type="jump" coverage="0%" />
                  </conditions>
                </line>
                <line number="34" hits="17" branch="False" />
                <line number="38" hits="17" branch="False" />
                <line number="39" hits="17" branch="True" condition-coverage="0% (0/2)">
                  <conditions>
                    <condition number="292" type="jump" coverage="0%" />
                  </conditions>
                </line>
                <line number="40" hits="17" branch="False" />
                <line number="42" hits="17" branch="False" />
              </lines>
            </method>
          </methods>
          <lines>
            <line number="27" hits="34" branch="True" condition-coverage="37.5% (3/8)">
              <conditions>
                <condition number="15" type="jump" coverage="50%" />
                <condition number="19" type="jump" coverage="50%" />
                <condition number="46" type="jump" coverage="50%" />
                <condition number="131" type="jump" coverage="0%" />
              </conditions>
            </line>
            <line number="28" hits="17" branch="True" condition-coverage="0% (0/2)">
              <conditions>
                <condition number="153" type="jump" coverage="0%" />
              </conditions>
            </line>
            <line number="30" hits="17" branch="True" condition-coverage="0% (0/2)">
              <conditions>
                <condition number="164" type="jump" coverage="0%" />
              </conditions>
            </line>
            <line number="32" hits="17" branch="True" condition-coverage="0% (0/2)">
              <conditions>
                <condition number="228" type="jump" coverage="0%" />
              </conditions>
            </line>
            <line number="34" hits="17" branch="False" />
            <line number="38" hits="17" branch="False" />
            <line number="39" hits="17" branch="True" condition-coverage="0% (0/2)">
              <conditions>
                <condition number="292" type="jump" coverage="0%" />
              </conditions>
            </line>
            <line number="40" hits="17" branch="False" />
            <line number="42" hits="17" branch="False" />
          </lines>
        </class>
        <class name="Microsoft.IsvPortal.PortalApi.Utilities.SqlExecutor/&lt;ExecuteReaderAsync&gt;d__0`1" filename="PortalApi\Utilities\SqlExecutor.cs" line-rate="0.9" branch-rate="0.5" complexity="4">
          <methods>
            <method name="MoveNext" signature="()" line-rate="0.9" branch-rate="0.5">
              <lines>
                <line number="25" hits="17" branch="True" condition-coverage="50% (2/4)">
                  <conditions>
                    <condition number="8" type="jump" coverage="50%" />
                    <condition number="134" type="jump" coverage="50%" />
                  </conditions>
                </line>
                <line number="26" hits="17" branch="False" />
                <line number="29" hits="17" branch="False" />
                <line number="31" hits="17" branch="False" />
                <line number="33" hits="17" branch="False" />
                <line number="35" hits="17" branch="False" />
                <line number="36" hits="17" branch="False" />
                <line number="37" hits="17" branch="False" />
                <line number="41" hits="17" branch="False" />
                <line number="43" hits="0" branch="False" />
              </lines>
            </method>
          </methods>
          <lines>
            <line number="25" hits="17" branch="True" condition-coverage="50% (2/4)">
              <conditions>
                <condition number="8" type="jump" coverage="50%" />
                <condition number="134" type="jump" coverage="50%" />
              </conditions>
            </line>
            <line number="26" hits="17" branch="False" />
            <line number="29" hits="17" branch="False" />
            <line number="31" hits="17" branch="False" />
            <line number="33" hits="17" branch="False" />
            <line number="35" hits="17" branch="False" />
            <line number="36" hits="17" branch="False" />
            <line number="37" hits="17" branch="False" />
            <line number="41" hits="17" branch="False" />
            <line number="43" hits="0" branch="False" />
          </lines>
        </class>
        <class name="Microsoft.IsvPortal.PortalApi.Utilities.SqlExecutor/&lt;&gt;c__DisplayClass1_0/&lt;&lt;ExecuteNonQueryAsync&gt;b__0&gt;d" filename="PortalApi\Utilities\SqlExecutor.cs" line-rate="0" branch-rate="0" complexity="14">
          <methods>
            <method name="MoveNext" signature="()" line-rate="0" branch-rate="0">
              <lines>
                <line number="50" hits="0" branch="True" condition-coverage="0% (0/8)">
                  <conditions>
                    <condition number="15" type="jump" coverage="0%" />
                    <condition number="19" type="jump" coverage="0%" />
                    <condition number="45" type="jump" coverage="0%" />
                    <condition number="128" type="jump" coverage="0%" />
                  </conditions>
                </line>
                <line number="51" hits="0" branch="True" condition-coverage="0% (0/2)">
                  <conditions>
                    <condition number="150" type="jump" coverage="0%" />
                  </conditions>
                </line>
                <line number="53" hits="0" branch="True" condition-coverage="0% (0/2)">
                  <conditions>
                    <condition number="217" type="jump" coverage="0%" />
                  </conditions>
                </line>
                <line number="55" hits="0" branch="False" />
                <line number="58" hits="0" branch="False" />
                <line number="59" hits="0" branch="True" condition-coverage="0% (0/2)">
                  <conditions>
                    <condition number="281" type="jump" coverage="0%" />
                  </conditions>
                </line>
                <line number="60" hits="0" branch="False" />
                <line number="61" hits="0" branch="False" />
              </lines>
            </method>
          </methods>
          <lines>
            <line number="50" hits="0" branch="True" condition-coverage="0% (0/8)">
              <conditions>
                <condition number="15" type="jump" coverage="0%" />
                <condition number="19" type="jump" coverage="0%" />
                <condition number="45" type="jump" coverage="0%" />
                <condition number="128" type="jump" coverage="0%" />
              </conditions>
            </line>
            <line number="51" hits="0" branch="True" condition-coverage="0% (0/2)">
              <conditions>
                <condition number="150" type="jump" coverage="0%" />
              </conditions>
            </line>
            <line number="53" hits="0" branch="True" condition-coverage="0% (0/2)">
              <conditions>
                <condition number="217" type="jump" coverage="0%" />
              </conditions>
            </line>
            <line number="55" hits="0" branch="False" />
            <line number="58" hits="0" branch="False" />
            <line number="59" hits="0" branch="True" condition-coverage="0% (0/2)">
              <conditions>
                <condition number="281" type="jump" coverage="0%" />
              </conditions>
            </line>
            <line number="60" hits="0" branch="False" />
            <line number="61" hits="0" branch="False" />
          </lines>
        </class>
        <class name="Microsoft.IsvPortal.PortalApi.Utilities.SqlExecutor/&lt;ExecuteNonQueryAsync&gt;d__1" filename="PortalApi\Utilities\SqlExecutor.cs" line-rate="0" branch-rate="0" complexity="2">
          <methods>
            <method name="MoveNext" signature="()" line-rate="0" branch-rate="0">
              <lines>
                <line number="48" hits="0" branch="True" condition-coverage="0% (0/2)">
                  <conditions>
                    <condition number="122" type="jump" coverage="0%" />
                  </conditions>
                </line>
                <line number="49" hits="0" branch="False" />
                <line number="52" hits="0" branch="False" />
                <line number="54" hits="0" branch="False" />
                <line number="56" hits="0" branch="False" />
                <line number="57" hits="0" branch="False" />
                <line number="62" hits="0" branch="False" />
              </lines>
            </method>
          </methods>
          <lines>
            <line number="48" hits="0" branch="True" condition-coverage="0% (0/2)">
              <conditions>
                <condition number="122" type="jump" coverage="0%" />
              </conditions>
            </line>
            <line number="49" hits="0" branch="False" />
            <line number="52" hits="0" branch="False" />
            <line number="54" hits="0" branch="False" />
            <line number="56" hits="0" branch="False" />
            <line number="57" hits="0" branch="False" />
            <line number="62" hits="0" branch="False" />
          </lines>
        </class>
        <class name="Microsoft.IsvPortal.PortalApi.Utilities.SqlExecutor/&lt;&gt;c__DisplayClass2_0/&lt;&lt;ExecuteNonQueryTransaction&gt;b__0&gt;d" filename="PortalApi\Utilities\SqlExecutor.cs" line-rate="0" branch-rate="0" complexity="16">
          <methods>
            <method name="MoveNext" signature="()" line-rate="0" branch-rate="0">
              <lines>
                <line number="69" hits="0" branch="True" condition-coverage="0% (0/8)">
                  <conditions>
                    <condition number="15" type="jump" coverage="0%" />
                    <condition number="19" type="jump" coverage="0%" />
                    <condition number="45" type="jump" coverage="0%" />
                    <condition number="128" type="jump" coverage="0%" />
                  </conditions>
                </line>
                <line number="71" hits="0" branch="True" condition-coverage="0% (0/2)">
                  <conditions>
                    <condition number="150" type="jump" coverage="0%" />
                  </conditions>
                </line>
                <line number="74" hits="0" branch="True" condition-coverage="0% (0/2)">
                  <conditions>
                    <condition number="357" type="jump" coverage="0%" />
                  </conditions>
                </line>
                <line number="76" hits="0" branch="True" condition-coverage="0% (0/2)">
                  <conditions>
                    <condition number="177" type="jump" coverage="0%" />
                  </conditions>
                </line>
                <line number="78" hits="0" branch="False" />
                <line number="79" hits="0" branch="False" />
[...]
                    <condition number="127" type="jump" coverage="100%" />
                  </conditions>
                </line>
                <line number="78" hits="2" branch="False" />
                <line number="81" hits="2" branch="False" />
                <line number="82" hits="4" branch="False" />
              </lines>
            </method>
          </methods>
          <lines>
            <line number="75" hits="4" branch="True" condition-coverage="100% (1/1)">
              <conditions>
                <condition number="54" type="jump" coverage="100%" />
              </conditions>
            </line>
            <line number="76" hits="4" branch="True" condition-coverage="100% (2/2)">
              <conditions>
                <condition number="127" type="jump" coverage="100%" />
              </conditions>
            </line>
            <line number="78" hits="2" branch="False" />
            <line number="81" hits="2" branch="False" />
            <line number="82" hits="4" branch="False" />
          </lines>
        </class>
        <class name="Microsoft.IsvPortal.PortalApi.Controllers.BackgroundJobController" filename="PortalApi\Controllers\BackgroundJobController.cs" line-rate="1" branch-rate="0" complexity="2">
          <methods>
            <method name="Post" signature="(Microsoft.IsvPortal.PortalApi.Model.JobMessage)" line-rate="1" branch-rate="0">
              <lines>
                <line number="49" hits="7" branch="False" />
                <line number="50" hits="7" branch="False" />
              </lines>
            </method>
            <method name=".ctor" signature="(Microsoft.IsvPortal.PortalApi.Providers.IBackgroundTaskQueue`1&lt;Microsoft.IsvPortal.PortalApi.Model.JobMessage&gt;)" line-rate="1" branch-rate="0">
              <lines>
                <line number="26" hits="14" branch="False" />
                <line number="28" hits="14" branch="False" />
                <line number="29" hits="14" branch="False" />
              </lines>
            </method>
          </methods>
          <lines>
            <line number="49" hits="7" branch="False" />
            <line number="50" hits="7" branch="False" />
            <line number="26" hits="14" branch="False" />
            <line number="28" hits="14" branch="False" />
            <line number="29" hits="14" branch="False" />
          </lines>
        </class>
        <class name="Microsoft.IsvPortal.PortalApi.Controllers.CoreGatewayController" filename="PortalApi\Controllers\CoreGatewayController.cs" line-rate="1" branch-rate="0" complexity="2">
          <methods>
            <method name="GetRoutes" signature="()" line-rate="1" branch-rate="0">
              <lines>
                <line number="35" hits="2" branch="False" />
                <line number="36" hits="2" branch="False" />
                <line number="37" hits="2" branch="False" />
                <line number="38" hits="2" branch="False" />
                <line number="40" hits="2" branch="False" />
                <line number="41" hits="2" branch="False" />
                <line number="42" hits="2" branch="False" />
                <line number="43" hits="2" branch="False" />
                <line number="44" hits="2" branch="False" />
                <line number="45" hits="2" branch="False" />
                <line number="46" hits="2" branch="False" />
                <line number="47" hits="2" branch="False" />
                <line number="48" hits="2" branch="False" />
                <line number="49" hits="2" branch="False" />
                <line number="51" hits="2" branch="False" />
              </lines>
            </method>
            <method name=".ctor" signature="(Microsoft.PowerApps.CoreFramework.Configuration.IConfigurationManager)" line-rate="1" branch-rate="0">
              <lines>
                <line number="23" hits="2" branch="False" />
                <line number="25" hits="2" branch="False" />
                <line number="26" hits="2" branch="False" />
              </lines>
            </method>
          </methods>
          <lines>
            <line number="35" hits="2" branch="False" />
            <line number="36" hits="2" branch="False" />
            <line number="37" hits="2" branch="False" />
            <line number="38" hits="2" branch="False" />
            <line number="40" hits="2" branch="False" />
            <line number="41" hits="2" branch="False" />
            <line number="42" hits="2" branch="False" />
            <line number="43" hits="2" branch="False" />
            <line number="44" hits="2" branch="False" />
            <line number="45" hits="2" branch="False" />
            <line number="46" hits="2" branch="False" />
            <line number="47" hits="2" branch="False" />
            <line number="48" hits="2" branch="False" />
            <line number="49" hits="2" branch="False" />
            <line number="51" hits="2" branch="False" />
            <line number="23" hits="2" branch="False" />
            <line number="25" hits="2" branch="False" />
            <line number="26" hits="2" branch="False" />
          </lines>
        </class>
        <class name="Microsoft.IsvPortal.PortalApi.Controllers.PowerBIEmbedConfigController" filename="PortalApi\Controllers\PowerBIEmbedConfigController.cs" line-rate="1" branch-rate="0" complexity="1">
          <methods>
            <method name=".ctor" signature="(Microsoft.IsvPortal.PortalApi.Providers.IPowerBIServiceProvider)" line-rate="1" branch-rate="0">
              <lines>
                <line number="26" hits="5" branch="False" />
                <line number="28" hits="5" branch="False" />
                <line number="29" hits="5" branch="False" />
              </lines>
            </method>
          </methods>
          <lines>
            <line number="26" hits="5" branch="False" />
            <line number="28" hits="5" branch="False" />
            <line number="29" hits="5" branch="False" />
          </lines>
        </class>
        <class name="Microsoft.IsvPortal.PortalApi.Controllers.PowerBIEmbedConfigController/&lt;Post&gt;d__2" filename="PortalApi\Controllers\PowerBIEmbedConfigController.cs" line-rate="1" branch-rate="1" complexity="3">
          <methods>
            <method name="MoveNext" signature="()" line-rate="1" branch-rate="1">
              <lines>
                <line number="52" hits="4" branch="True" condition-coverage="100% (1/1)">
                  <conditions>
                    <condition number="54" type="jump" coverage="100%" />
                  </conditions>
                </line>
                <line number="53" hits="4" branch="True" condition-coverage="100% (2/2)">
                  <conditions>
                    <condition number="127" type="jump" coverage="100%" />
                  </conditions>
                </line>
                <line number="55" hits="2" branch="False" />
                <line number="58" hits="2" branch="False" />
                <line number="59" hits="4" branch="False" />
              </lines>
            </method>
          </methods>
          <lines>
            <line number="52" hits="4" branch="True" condition-coverage="100% (1/1)">
              <conditions>
                <condition number="54" type="jump" coverage="100%" />
              </conditions>
            </line>
            <line number="53" hits="4" branch="True" condition-coverage="100% (2/2)">
              <conditions>
                <condition number="127" type="jump" coverage="100%" />
              </conditions>
            </line>
            <line number="55" hits="2" branch="False" />
            <line number="58" hits="2" branch="False" />
            <line number="59" hits="4" branch="False" />
          </lines>
        </class>
        <class name="Microsoft.IsvPortal.PortalApi.Controllers.PublishersController" filename="PortalApi\Controllers\PublishersController.cs" line-rate="1" branch-rate="0" complexity="1">
          <methods>
            <method name=".ctor" signature="(Microsoft.IsvPortal.PortalApi.Providers.IUserContext,Microsoft.IsvPortal.PortalApi.Providers.IPublishersProvider,Microsoft.AspNetCore.Http.IHttpContextAccessor)" line-rate="1" branch-rate="0">
              <lines>
                <line number="31" hits="2" branch="False" />
                <line number="33" hits="2" branch="False" />
                <line number="34" hits="2" branch="False" />
                <line number="35" hits="2" branch="False" />
                <line number="36" hits="2" branch="False" />
              </lines>
            </method>
          </methods>
          <lines>
            <line number="31" hits="2" branch="False" />
            <line number="33" hits="2" branch="False" />
            <line number="34" hits="2" branch="False" />
            <line number="35" hits="2" branch="False" />
            <line number="36" hits="2" branch="False" />
          </lines>
        </class>
        <class name="Microsoft.IsvPortal.PortalApi.Controllers.PublishersController/&lt;Get&gt;d__4" filename="PortalApi\Controllers\PublishersController.cs" line-rate="1" branch-rate="1" complexity="1">
          <methods>
            <method name="MoveNext" signature="()" line-rate="1" branch-rate="1">
              <lines>
                <line number="56" hits="2" branch="True" condition-coverage="100% (1/1)">
                  <conditions>
                    <condition number="69" type="jump" coverage="100%" />
                  </conditions>
                </line>
                <line number="57" hits="2" branch="False" />
                <line number="58" hits="2" branch="False" />
              </lines>
            </method>
          </methods>
          <lines>
            <line number="56" hits="2" branch="True" condition-coverage="100% (1/1)">
              <conditions>
                <condition number="69" type="jump" coverage="100%" />
              </conditions>
            </line>
            <line number="57" hits="2" branch="False" />
            <line number="58" hits="2" branch="False" />
          </lines>
        </class>
        <class name="Microsoft.IsvPortal.PortalApi.Controllers.TenantsController" filename="PortalApi\Controllers\TenantsController.cs" line-rate="1" branch-rate="0" complexity="1">
          <methods>
            <method name=".ctor" signature="(Microsoft.IsvPortal.PortalApi.Providers.IDataRepositoryProvider)" line-rate="1" branch-rate="0">
              <lines>
                <line number="25" hits="6" branch="False" />
                <line number="27" hits="6" branch="False" />
                <line number="28" hits="6" branch="False" />
              </lines>
            </method>
          </methods>
          <lines>
            <line number="25" hits="6" branch="False" />
            <line number="27" hits="6" branch="False" />
            <line number="28" hits="6" branch="False" />
          </lines>
        </class>
        <class name="Microsoft.IsvPortal.PortalApi.Controllers.TenantsController/&lt;Get&gt;d__2" filename="PortalApi\Controllers\TenantsController.cs" line-rate="1" branch-rate="1" complexity="1">
          <methods>
            <method name="MoveNext" signature="()" line-rate="1" branch-rate="1">
              <lines>
                <line number="49" hits="2" branch="True" condition-coverage="100% (1/1)">
                  <conditions>
                    <condition number="48" type="jump" coverage="100%" />
                  </conditions>
                </line>
                <line number="50" hits="2" branch="False" />
                <line number="51" hits="2" branch="False" />
              </lines>
            </method>
          </methods>
          <lines>
            <line number="49" hits="2" branch="True" condition-coverage="100% (1/1)">
              <conditions>
                <condition number="48" type="jump" coverage="100%" />
              </conditions>
            </line>
            <line number="50" hits="2" branch="False" />
            <line number="51" hits="2" branch="False" />
          </lines>
        </class>
        <class name="Microsoft.IsvPortal.PortalApi.Controllers.TenantsController/&lt;Get&gt;d__3" filename="PortalApi\Controllers\TenantsController.cs" line-rate="1" branch-rate="1" complexity="3">
          <methods>
            <method name="MoveNext" signature="()" line-rate="1" branch-rate="1">
              <lines>
                <line number="74" hits="4" branch="True" condition-coverage="100% (1/1)">
                  <conditions>
                    <condition number="54" type="jump" coverage="100%" />
                  </conditions>
                </line>
                <line number="75" hits="4" branch="True" condition-coverage="100% (2/2)">
                  <conditions>
                    <condition number="127" type="jump" coverage="100%" />
                  </conditions>
                </line>
                <line number="77" hits="2" branch="False" />
                <line number="80" hits="2" branch="False" />
                <line number="81" hits="4" branch="False" />
              </lines>
            </method>
          </methods>
          <lines>
            <line number="74" hits="4" branch="True" condition-coverage="100% (1/1)">
              <conditions>
                <condition number="54" type="jump" coverage="100%" />
              </conditions>
            </line>
            <line number="75" hits="4" branch="True" condition-coverage="100% (2/2)">
              <conditions>
                <condition number="127" type="jump" coverage="100%" />
              </conditions>
            </line>
            <line number="77" hits="2" branch="False" />
            <line number="80" hits="2" branch="False" />
            <line number="81" hits="4" branch="False" />
          </lines>
        </class>
        <class name="Microsoft.IsvPortal.PortalApi.Configuration.AmsServiceSettings" filename="PortalApi\Configuration\AmsServiceSettings.cs" line-rate="1" branch-rate="0" complexity="1">
          <methods>
            <method name="get_AmsApiEndpoint" signature="()" line-rate="1" branch-rate="0">
              <lines>
                <line number="15" hits="44" branch="False" />
              </lines>
            </method>
          </methods>
          <lines>
            <line number="15" hits="44" branch="False" />
          </lines>
        </class>
        <class name="Microsoft.IsvPortal.PortalApi.Configuration.AppCheckerServiceSettings" filename="PortalApi\Configuration\AppCheckerServiceSettings.cs" line-rate="1" branch-rate="0" complexity="5">
          <methods>
            <method name="get_AppCheckerServiceApiUrl" signature="()" line-rate="1" branch-rate="0">
              <lines>
                <line number="15" hits="6" branch="False" />
              </lines>
            </method>
            <method name="get_AppCheckerServiceClientId" signature="()" line-rate="1" branch-rate="0">
              <lines>
                <line number="20" hits="3" branch="False" />
              </lines>
            </method>
            <method name="get_AppCheckerServiceResourceUrl" signature="()" line-rate="1" branch-rate="0">
              <lines>
                <line number="25" hits="3" branch="False" />
              </lines>
            </method>
            <method name="get_AppCheckerServiceAuthorityUrl" signature="()" line-rate="1" branch-rate="0">
              <lines>
                <line number="30" hits="3" branch="False" />
              </lines>
            </method>
            <method name="get_AppCheckerServiceRuleSetId" signature="()" line-rate="1" branch-rate="0">
              <lines>
                <line number="35" hits="4" branch="False" />
              </lines>
            </method>
          </methods>
          <lines>
            <line number="15" hits="6" branch="False" />
            <line number="20" hits="3" branch="False" />
            <line number="25" hits="3" branch="False" />
            <line number="30" hits="3" branch="False" />
            <line number="35" hits="4" branch="False" />
          </lines>
        </class>
        <class name="Microsoft.IsvPortal.PortalApi.Configuration.IntraCommCertSettings" filename="PortalApi\Configuration\IntraCommCertSettings.cs" line-rate="0" branch-rate="0" complexity="1">
          <methods>
            <method name="get_IntraCommCertSubjectName" signature="()" line-rate="0" branch-rate="0">
              <lines>
                <line number="15" hits="0" branch="False" />
              </lines>
            </method>
          </methods>
          <lines>
            <line number="15" hits="0" branch="False" />
          </lines>
        </class>
        <class name="Microsoft.IsvPortal.PortalApi.Configuration.PowerBISettings" filename="PortalApi\Configuration\PowerBISettings.cs" line-rate="1" branch-rate="0" complexity="5">
          <methods>
            <method name="get_PowerBIApiUrl" signature="()" line-rate="1" branch-rate="0">
              <lines>
                <line number="15" hits="3" branch="False" />
              </lines>
            </method>
            <method name="get_PowerBIApplicationId" signature="()" line-rate="1" branch-rate="0">
              <lines>
                <line number="20" hits="3" branch="False" />
              </lines>
            </method>
            <method name="get_PowerBIResourceUrl" signature="()" line-rate="1" branch-rate="0">
              <lines>
                <line number="25" hits="3" branch="False" />
              </lines>
            </method>
            <method name="get_PowerBIAuthorityUrl" signature="()" line-rate="1" branch-rate="0">
              <lines>
                <line number="30" hits="3" branch="False" />
              </lines>
            </method>
            <method name="get_PowerBIWorkspaceId" signature="()" line-rate="1" branch-rate="0">
              <lines>
                <line number="35" hits="5" branch="False" />
              </lines>
            </method>
          </methods>
          <lines>
            <line number="15" hits="3" branch="False" />
            <line number="20" hits="3" branch="False" />
            <line number="25" hits="3" branch="False" />
            <line number="30" hits="3" branch="False" />
            <line number="35" hits="5" branch="False" />
          </lines>
        </class>
        <class name="Microsoft.IsvPortal.PortalApi.Configuration.TokenValidationSettings" filename="PortalApi\Configuration\TokenValidationSettings.cs" line-rate="0.75" branch-rate="0" complexity="4">
          <methods>
            <method name="get_AADTokenAudiences" signature="()" line-rate="1" branch-rate="0">
              <lines>
                <line number="14" hits="82" branch="False" />
              </lines>
            </method>
            <method name="get_MsftTenantId" signature="()" line-rate="1" branch-rate="0">
              <lines>
                <line number="19" hits="88" branch="False" />
              </lines>
            </method>
            <method name="get_MsftTokenIssuingServer" signature="()" line-rate="1" branch-rate="0">
              <lines>
                <line number="24" hits="82" branch="False" />
              </lines>
            </method>
            <method name="get_ClientApplicationId" signature="()" line-rate="0" branch-rate="0">
              <lines>
                <line number="29" hits="0" branch="False" />
              </lines>
            </method>
          </methods>
          <lines>
            <line number="14" hits="82" branch="False" />
            <line number="19" hits="88" branch="False" />
            <line number="24" hits="82" branch="False" />
            <line number="29" hits="0" branch="False" />
          </lines>
        </class>
      </classes>
    </package>
  </packages>
</coverage>