{"C:\\Users\\v-ellendular\\Downloads\\azure-pipelines-tasks\\_build\\Tasks\\GradleV2\\gradletask.js": {"path":"C:\\Users\\v-ellendular\\Downloads\\azure-pipelines-tasks\\_build\\Tasks\\GradleV2\\gradletask.js","statementMap":{"0":{"start":{"line":2,"column":16},"end":{"line":10,"column":1}},"1":{"start":{"line":3,"column":28},"end":{"line":3,"column":110}},"2":{"start":{"line":3,"column":91},"end":{"line":3,"column":106}},"3":{"start":{"line":4,"column":4},"end":{"line":9,"column":7}},"4":{"start":{"line":5,"column":36},"end":{"line":5,"column":97}},"5":{"start":{"line":5,"column":42},"end":{"line":5,"column":70}},"6":{"start":{"line":5,"column":85},"end":{"line":5,"column":95}},"7":{"start":{"line":6,"column":35},"end":{"line":6,"column":100}},"8":{"start":{"line":6,"column":41},"end":{"line":6,"column":73}},"9":{"start":{"line":6,"column":88},"end":{"line":6,"column":98}},"10":{"start":{"line":7,"column":32},"end":{"line":7,"column":116}},"11":{"start":{"line":8,"column":8},"end":{"line":8,"column":78}},"12":{"start":{"line":11,"column":0},"end":{"line":11,"column":62}},"13":{"start":{"line":12,"column":11},"end":{"line":12,"column":51}},"14":{"start":{"line":13,"column":11},"end":{"line":13,"column":24}},"15":{"start":{"line":14,"column":13},"end":{"line":14,"column":28}},"16":{"start":{"line":15,"column":11},"end":{"line":15,"column":24}},"17":{"start":{"line":16,"column":17},"end":{"line":16,"column":81}},"18":{"start":{"line":17,"column":35},"end":{"line":17,"column":119}},"19":{"start":{"line":18,"column":22},"end":{"line":18,"column":93}},"20":{"start":{"line":19,"column":18},"end":{"line":19,"column":85}},"21":{"start":{"line":20,"column":25},"end":{"line":20,"column":99}},"22":{"start":{"line":21,"column":23},"end":{"line":21,"column":95}},"23":{"start":{"line":22,"column":23},"end":{"line":22,"column":95}},"24":{"start":{"line":23,"column":30},"end":{"line":23,"column":101}},"25":{"start":{"line":24,"column":15},"end":{"line":24,"column":88}},"26":{"start":{"line":25,"column":20},"end":{"line":25,"column":76}},"27":{"start":{"line":28,"column":36},"end":{"line":28,"column":59}},"28":{"start":{"line":29,"column":30},"end":{"line":29,"column":64}},"29":{"start":{"line":30,"column":23},"end":{"line":30,"column":38}},"30":{"start":{"line":33,"column":4},"end":{"line":36,"column":5}},"31":{"start":{"line":34,"column":8},"end":{"line":34,"column":51}},"32":{"start":{"line":35,"column":8},"end":{"line":35,"column":63}},"33":{"start":{"line":39,"column":4},"end":{"line":66,"column":5}},"34":{"start":{"line":40,"column":39},"end":{"line":40,"column":41}},"35":{"start":{"line":42,"column":8},"end":{"line":58,"column":9}},"36":{"start":{"line":43,"column":12},"end":{"line":43,"column":68}},"37":{"start":{"line":44,"column":30},"end":{"line":44,"column":78}},"38":{"start":{"line":47,"column":32},"end":{"line":52,"column":13}},"39":{"start":{"line":53,"column":12},"end":{"line":53,"column":117}},"40":{"start":{"line":56,"column":12},"end":{"line":56,"column":71}},"41":{"start":{"line":57,"column":12},"end":{"line":57,"column":58}},"42":{"start":{"line":59,"column":8},"end":{"line":62,"column":9}},"43":{"start":{"line":60,"column":12},"end":{"line":60,"column":67}},"44":{"start":{"line":61,"column":12},"end":{"line":61,"column":21}},"45":{"start":{"line":63,"column":17},"end":{"line":63,"column":46}},"46":{"start":{"line":64,"column":29},"end":{"line":64,"column":56}},"47":{"start":{"line":65,"column":8},"end":{"line":65,"column":99}},"48":{"start":{"line":69,"column":21},"end":{"line":69,"column":23}},"49":{"start":{"line":70,"column":4},"end":{"line":70,"column":74}},"50":{"start":{"line":71,"column":4},"end":{"line":71,"column":44}},"51":{"start":{"line":72,"column":4},"end":{"line":72,"column":64}},"52":{"start":{"line":73,"column":4},"end":{"line":73,"column":48}},"53":{"start":{"line":74,"column":4},"end":{"line":74,"column":56}},"54":{"start":{"line":75,"column":4},"end":{"line":75,"column":56}},"55":{"start":{"line":76,"column":4},"end":{"line":76,"column":62}},"56":{"start":{"line":77,"column":20},"end":{"line":77,"column":124}},"57":{"start":{"line":78,"column":4},"end":{"line":78,"column":52}},"58":{"start":{"line":81,"column":22},"end":{"line":81,"column":44}},"59":{"start":{"line":82,"column":4},"end":{"line":82,"column":34}},"60":{"start":{"line":83,"column":4},"end":{"line":83,"column":52}},"61":{"start":{"line":84,"column":15},"end":{"line":84,"column":44}},"62":{"start":{"line":85,"column":4},"end":{"line":93,"column":5}},"63":{"start":{"line":86,"column":20},"end":{"line":86,"column":49}},"64":{"start":{"line":87,"column":26},"end":{"line":87,"column":42}},"65":{"start":{"line":88,"column":8},"end":{"line":88,"column":41}},"66":{"start":{"line":89,"column":8},"end":{"line":92,"column":9}},"67":{"start":{"line":90,"column":12},"end":{"line":90,"column":69}},"68":{"start":{"line":91,"column":12},"end":{"line":91,"column":79}},"69":{"start":{"line":94,"column":4},"end":{"line":94,"column":17}},"70":{"start":{"line":97,"column":4},"end":{"line":114,"column":7}},"71":{"start":{"line":98,"column":8},"end":{"line":113,"column":9}},"72":{"start":{"line":99,"column":12},"end":{"line":99,"column":44}},"73":{"start":{"line":100,"column":12},"end":{"line":102,"column":13}},"74":{"start":{"line":101,"column":16},"end":{"line":101,"column":47}},"75":{"start":{"line":103,"column":12},"end":{"line":112,"column":13}},"76":{"start":{"line":104,"column":16},"end":{"line":104,"column":58}},"77":{"start":{"line":105,"column":16},"end":{"line":105,"column":66}},"78":{"start":{"line":106,"column":16},"end":{"line":106,"column":68}},"79":{"start":{"line":107,"column":34},"end":{"line":107,"column":64}},"80":{"start":{"line":108,"column":16},"end":{"line":108,"column":88}},"81":{"start":{"line":111,"column":16},"end":{"line":111,"column":194}},"82":{"start":{"line":117,"column":17},"end":{"line":117,"column":30}},"83":{"start":{"line":118,"column":20},"end":{"line":118,"column":43}},"84":{"start":{"line":119,"column":4},"end":{"line":125,"column":5}},"85":{"start":{"line":121,"column":8},"end":{"line":124,"column":9}},"86":{"start":{"line":122,"column":12},"end":{"line":122,"column":70}},"87":{"start":{"line":123,"column":12},"end":{"line":123,"column":29}},"88":{"start":{"line":126,"column":4},"end":{"line":130,"column":5}},"89":{"start":{"line":129,"column":8},"end":{"line":129,"column":36}},"90":{"start":{"line":131,"column":4},"end":{"line":131,"column":18}},"91":{"start":{"line":137,"column":4},"end":{"line":151,"column":5}},"92":{"start":{"line":138,"column":8},"end":{"line":138,"column":64}},"93":{"start":{"line":139,"column":25},"end":{"line":139,"column":50}},"94":{"start":{"line":140,"column":30},"end":{"line":140,"column":60}},"95":{"start":{"line":141,"column":8},"end":{"line":141,"column":57}},"96":{"start":{"line":142,"column":8},"end":{"line":144,"column":9}},"97":{"start":{"line":143,"column":12},"end":{"line":143,"column":86}},"98":{"start":{"line":147,"column":8},"end":{"line":147,"column":64}},"99":{"start":{"line":148,"column":31},"end":{"line":148,"column":78}},"100":{"start":{"line":149,"column":8},"end":{"line":149,"column":45}},"101":{"start":{"line":150,"column":8},"end":{"line":150,"column":55}},"102":{"start":{"line":152,"column":4},"end":{"line":152,"column":66}},"103":{"start":{"line":153,"column":4},"end":{"line":156,"column":5}},"104":{"start":{"line":154,"column":8},"end":{"line":154,"column":58}},"105":{"start":{"line":155,"column":8},"end":{"line":155,"column":53}},"106":{"start":{"line":159,"column":14},"end":{"line":159,"column":25}},"107":{"start":{"line":160,"column":4},"end":{"line":160,"column":91}},"108":{"start":{"line":161,"column":4},"end":{"line":163,"column":6}},"109":{"start":{"line":166,"column":4},"end":{"line":166,"column":54}},"110":{"start":{"line":167,"column":15},"end":{"line":167,"column":72}},"111":{"start":{"line":168,"column":4},"end":{"line":171,"column":5}},"112":{"start":{"line":169,"column":8},"end":{"line":169,"column":35}},"113":{"start":{"line":170,"column":8},"end":{"line":170,"column":46}},"114":{"start":{"line":172,"column":4},"end":{"line":172,"column":47}},"115":{"start":{"line":173,"column":4},"end":{"line":173,"column":14}},"116":{"start":{"line":176,"column":4},"end":{"line":294,"column":7}},"117":{"start":{"line":177,"column":8},"end":{"line":293,"column":9}},"118":{"start":{"line":178,"column":12},"end":{"line":178,"column":66}},"119":{"start":{"line":180,"column":32},"end":{"line":180,"column":76}},"120":{"start":{"line":181,"column":12},"end":{"line":181,"column":66}},"121":{"start":{"line":183,"column":35},"end":{"line":183,"column":70}},"122":{"start":{"line":184,"column":12},"end":{"line":184,"column":36}},"123":{"start":{"line":185,"column":36},"end":{"line":185,"column":74}},"124":{"start":{"line":186,"column":35},"end":{"line":186,"column":66}},"125":{"start":{"line":187,"column":39},"end":{"line":187,"column":143}},"126":{"start":{"line":188,"column":42},"end":{"line":188,"column":80}},"127":{"start":{"line":189,"column":38},"end":{"line":189,"column":76}},"128":{"start":{"line":190,"column":35},"end":{"line":190,"column":72}},"129":{"start":{"line":191,"column":29},"end":{"line":191,"column":69}},"130":{"start":{"line":192,"column":30},"end":{"line":192,"column":143}},"131":{"start":{"line":193,"column":35},"end":{"line":193,"column":70}},"132":{"start":{"line":195,"column":31},"end":{"line":195,"column":53}},"133":{"start":{"line":196,"column":12},"end":{"line":198,"column":13}},"134":{"start":{"line":197,"column":16},"end":{"line":197,"column":42}},"135":{"start":{"line":199,"column":12},"end":{"line":199,"column":61}},"136":{"start":{"line":200,"column":12},"end":{"line":200,"column":41}},"137":{"start":{"line":203,"column":12},"end":{"line":203,"column":43}},"138":{"start":{"line":205,"column":32},"end":{"line":205,"column":57}},"139":{"start":{"line":206,"column":12},"end":{"line":206,"column":41}},"140":{"start":{"line":208,"column":38},"end":{"line":208,"column":56}},"141":{"start":{"line":209,"column":34},"end":{"line":209,"column":82}},"142":{"start":{"line":210,"column":30},"end":{"line":210,"column":34}},"143":{"start":{"line":211,"column":36},"end":{"line":211,"column":38}},"144":{"start":{"line":212,"column":12},"end":{"line":243,"column":13}},"145":{"start":{"line":213,"column":16},"end":{"line":238,"column":17}},"146":{"start":{"line":214,"column":20},"end":{"line":214,"column":98}},"147":{"start":{"line":215,"column":38},"end":{"line":215,"column":64}},"148":{"start":{"line":216,"column":48},"end":{"line":216,"column":84}},"149":{"start":{"line":218,"column":40},"end":{"line":218,"column":75}},"150":{"start":{"line":220,"column":20},"end":{"line":232,"column":21}},"151":{"start":{"line":221,"column":24},"end":{"line":221,"column":56}},"152":{"start":{"line":222,"column":24},"end":{"line":227,"column":25}},"153":{"start":{"line":223,"column":28},"end":{"line":223,"column":67}},"154":{"start":{"line":226,"column":28},"end":{"line":226,"column":67}},"155":{"start":{"line":229,"column":25},"end":{"line":232,"column":21}},"156":{"start":{"line":230,"column":24},"end":{"line":230,"column":57}},"157":{"start":{"line":231,"column":24},"end":{"line":231,"column":56}},"158":{"start":{"line":233,"column":20},"end":{"line":233,"column":78}},"159":{"start":{"line":236,"column":20},"end":{"line":236,"column":45}},"160":{"start":{"line":237,"column":20},"end":{"line":237,"column":224}},"161":{"start":{"line":239,"column":16},"end":{"line":239,"column":63}},"162":{"start":{"line":242,"column":16},"end":{"line":242,"column":69}},"163":{"start":{"line":244,"column":12},"end":{"line":246,"column":13}},"164":{"start":{"line":245,"column":16},"end":{"line":245,"column":52}},"165":{"start":{"line":248,"column":43},"end":{"line":251,"column":89}},"166":{"start":{"line":253,"column":37},"end":{"line":253,"column":80}},"167":{"start":{"line":254,"column":12},"end":{"line":258,"column":13}},"168":{"start":{"line":256,"column":16},"end":{"line":256,"column":79}},"169":{"start":{"line":257,"column":16},"end":{"line":257,"column":85}},"170":{"start":{"line":259,"column":12},"end":{"line":259,"column":81}},"171":{"start":{"line":262,"column":31},"end":{"line":262,"column":36}},"172":{"start":{"line":264,"column":12},"end":{"line":274,"column":13}},"173":{"start":{"line":265,"column":16},"end":{"line":265,"column":73}},"174":{"start":{"line":266,"column":16},"end":{"line":266,"column":59}},"175":{"start":{"line":269,"column":16},"end":{"line":269,"column":35}},"176":{"start":{"line":270,"column":16},"end":{"line":270,"column":44}},"177":{"start":{"line":271,"column":16},"end":{"line":271,"column":34}},"178":{"start":{"line":272,"column":16},"end":{"line":272,"column":36}},"179":{"start":{"line":273,"column":16},"end":{"line":273,"column":36}},"180":{"start":{"line":275,"column":12},"end":{"line":275,"column":57}},"181":{"start":{"line":276,"column":12},"end":{"line":276,"column":66}},"182":{"start":{"line":278,"column":12},"end":{"line":278,"column":70}},"183":{"start":{"line":279,"column":12},"end":{"line":279,"column":132}},"184":{"start":{"line":280,"column":12},"end":{"line":288,"column":13}},"185":{"start":{"line":281,"column":16},"end":{"line":281,"column":74}},"186":{"start":{"line":283,"column":17},"end":{"line":288,"column":13}},"187":{"start":{"line":284,"column":16},"end":{"line":284,"column":66}},"188":{"start":{"line":287,"column":16},"end":{"line":287,"column":68}},"189":{"start":{"line":292,"column":12},"end":{"line":292,"column":52}},"190":{"start":{"line":296,"column":0},"end":{"line":296,"column":6}}},"fnMap":{"0":{"name":"(anonymous_0)","decl":{"start":{"line":2,"column":44},"end":{"line":2,"column":45}},"loc":{"start":{"line":2,"column":89},"end":{"line":10,"column":1}},"line":2},"1":{"name":"adopt","decl":{"start":{"line":3,"column":13},"end":{"line":3,"column":18}},"loc":{"start":{"line":3,"column":26},"end":{"line":3,"column":112}},"line":3},"2":{"name":"(anonymous_2)","decl":{"start":{"line":3,"column":70},"end":{"line":3,"column":71}},"loc":{"start":{"line":3,"column":89},"end":{"line":3,"column":108}},"line":3},"3":{"name":"(anonymous_3)","decl":{"start":{"line":4,"column":36},"end":{"line":4,"column":37}},"loc":{"start":{"line":4,"column":63},"end":{"line":9,"column":5}},"line":4},"4":{"name":"fulfilled","decl":{"start":{"line":5,"column":17},"end":{"line":5,"column":26}},"loc":{"start":{"line":5,"column":34},"end":{"line":5,"column":99}},"line":5},"5":{"name":"rejected","decl":{"start":{"line":6,"column":17},"end":{"line":6,"column":25}},"loc":{"start":{"line":6,"column":33},"end":{"line":6,"column":102}},"line":6},"6":{"name":"step","decl":{"start":{"line":7,"column":17},"end":{"line":7,"column":21}},"loc":{"start":{"line":7,"column":30},"end":{"line":7,"column":118}},"line":7},"7":{"name":"setGradleOpts","decl":{"start":{"line":32,"column":9},"end":{"line":32,"column":22}},"loc":{"start":{"line":32,"column":38},"end":{"line":37,"column":1}},"line":32},"8":{"name":"publishTestResults","decl":{"start":{"line":38,"column":9},"end":{"line":38,"column":27}},"loc":{"start":{"line":38,"column":67},"end":{"line":67,"column":1}},"line":38},"9":{"name":"enableCodeCoverage","decl":{"start":{"line":68,"column":9},"end":{"line":68,"column":27}},"loc":{"start":{"line":68,"column":207},"end":{"line":79,"column":1}},"line":68},"10":{"name":"isMultiModuleProject","decl":{"start":{"line":80,"column":9},"end":{"line":80,"column":29}},"loc":{"start":{"line":80,"column":45},"end":{"line":95,"column":1}},"line":80},"11":{"name":"publishCodeCoverage","decl":{"start":{"line":96,"column":9},"end":{"line":96,"column":28}},"loc":{"start":{"line":96,"column":119},"end":{"line":115,"column":1}},"line":96},"12":{"name":"(anonymous_12)","decl":{"start":{"line":97,"column":43},"end":{"line":97,"column":44}},"loc":{"start":{"line":97,"column":56},"end":{"line":114,"column":5}},"line":97},"13":{"name":"configureWrapperScript","decl":{"start":{"line":116,"column":9},"end":{"line":116,"column":31}},"loc":{"start":{"line":116,"column":47},"end":{"line":132,"column":1}},"line":116},"14":{"name":"setJavaHome","decl":{"start":{"line":134,"column":9},"end":{"line":134,"column":20}},"loc":{"start":{"line":134,"column":40},"end":{"line":157,"column":1}},"line":134},"15":{"name":"getExecOptions","decl":{"start":{"line":158,"column":9},"end":{"line":158,"column":23}},"loc":{"start":{"line":158,"column":26},"end":{"line":164,"column":1}},"line":158},"16":{"name":"getSystemAccessToken","decl":{"start":{"line":165,"column":9},"end":{"line":165,"column":29}},"loc":{"start":{"line":165,"column":32},"end":{"line":174,"column":1}},"line":165},"17":{"name":"run","decl":{"start":{"line":175,"column":9},"end":{"line":175,"column":12}},"loc":{"start":{"line":175,"column":15},"end":{"line":295,"column":1}},"line":175},"18":{"name":"(anonymous_18)","decl":{"start":{"line":176,"column":43},"end":{"line":176,"column":44}},"loc":{"start":{"line":176,"column":56},"end":{"line":294,"column":5}},"line":176}},"branchMap":{"0":{"loc":{"start":{"line":2,"column":16},"end":{"line":10,"column":1}},"type":"binary-expr","locations":[{"start":{"line":2,"column":17},"end":{"line":2,"column":21}},{"start":{"line":2,"column":25},"end":{"line":2,"column":39}},{"start":{"line":2,"column":44},"end":{"line":10,"column":1}}],"line":2},"1":{"loc":{"start":{"line":3,"column":35},"end":{"line":3,"column":109}},"type":"cond-expr","locations":[{"start":{"line":3,"column":56},"end":{"line":3,"column":61}},{"start":{"line":3,"column":64},"end":{"line":3,"column":109}}],"line":3},"2":{"loc":{"start":{"line":4,"column":16},"end":{"line":4,"column":34}},"type":"binary-expr","locations":[{"start":{"line":4,"column":16},"end":{"line":4,"column":17}},{"start":{"line":4,"column":22},"end":{"line":4,"column":33}}],"line":4},"3":{"loc":{"start":{"line":7,"column":32},"end":{"line":7,"column":115}},"type":"cond-expr","locations":[{"start":{"line":7,"column":46},"end":{"line":7,"column":67}},{"start":{"line":7,"column":70},"end":{"line":7,"column":115}}],"line":7},"4":{"loc":{"start":{"line":8,"column":51},"end":{"line":8,"column":67}},"type":"binary-expr","locations":[{"start":{"line":8,"column":51},"end":{"line":8,"column":61}},{"start":{"line":8,"column":65},"end":{"line":8,"column":67}}],"line":8},"5":{"loc":{"start":{"line":33,"column":4},"end":{"line":36,"column":5}},"type":"if","locations":[{"start":{"line":33,"column":4},"end":{"line":36,"column":5}},{"start":{"line":33,"column":4},"end":{"line":36,"column":5}}],"line":33},"6":{"loc":{"start":{"line":39,"column":4},"end":{"line":66,"column":5}},"type":"if","locations":[{"start":{"line":39,"column":4},"end":{"line":66,"column":5}},{"start":{"line":39,"column":4},"end":{"line":66,"column":5}}],"line":39},"7":{"loc":{"start":{"line":42,"column":8},"end":{"line":58,"column":9}},"type":"if","locations":[{"start":{"line":42,"column":8},"end":{"line":58,"column":9}},{"start":{"line":42,"column":8},"end":{"line":58,"column":9}}],"line":42},"8":{"loc":{"start":{"line":42,"column":12},"end":{"line":42,"column":84}},"type":"binary-expr","locations":[{"start":{"line":42,"column":12},"end":{"line":42,"column":46}},{"start":{"line":42,"column":50},"end":{"line":42,"column":84}}],"line":42},"9":{"loc":{"start":{"line":59,"column":8},"end":{"line":62,"column":9}},"type":"if","locations":[{"start":{"line":59,"column":8},"end":{"line":62,"column":9}},{"start":{"line":59,"column":8},"end":{"line":62,"column":9}}],"line":59},"10":{"loc":{"start":{"line":59,"column":12},"end":{"line":59,"column":78}},"type":"binary-expr","locations":[{"start":{"line":59,"column":12},"end":{"line":59,"column":37}},{"start":{"line":59,"column":41},"end":{"line":59,"column":78}}],"line":59},"11":{"loc":{"start":{"line":85,"column":4},"end":{"line":93,"column":5}},"type":"if","locations":[{"start":{"line":85,"column":4},"end":{"line":93,"column":5}},{"start":{"line":85,"column":4},"end":{"line":93,"column":5}}],"line":85},"12":{"loc":{"start":{"line":85,"column":8},"end":{"line":85,"column":43}},"type":"binary-expr","locations":[{"start":{"line":85,"column":8},"end":{"line":85,"column":35}},{"start":{"line":85,"column":39},"end":{"line":85,"column":43}}],"line":85},"13":{"loc":{"start":{"line":89,"column":8},"end":{"line":92,"column":9}},"type":"if","locations":[{"start":{"line":89,"column":8},"end":{"line":92,"column":9}},{"start":{"line":89,"column":8},"end":{"line":92,"column":9}}],"line":89},"14":{"loc":{"start":{"line":89,"column":12},"end":{"line":89,"column":87}},"type":"binary-expr","locations":[{"start":{"line":89,"column":12},"end":{"line":89,"column":46}},{"start":{"line":89,"column":50},"end":{"line":89,"column":61}},{"start":{"line":89,"column":65},"end":{"line":89,"column":87}}],"line":89},"15":{"loc":{"start":{"line":98,"column":8},"end":{"line":113,"column":9}},"type":"if","locations":[{"start":{"line":98,"column":8},"end":{"line":113,"column":9}},{"start":{"line":98,"column":8},"end":{"line":113,"column":9}}],"line":98},"16":{"loc":{"start":{"line":100,"column":12},"end":{"line":102,"column":13}},"type":"if","locations":[{"start":{"line":100,"column":12},"end":{"line":102,"column":13}},{"start":{"line":100,"column":12},"end":{"line":102,"column":13}}],"line":100},"17":{"loc":{"start":{"line":100,"column":16},"end":{"line":100,"column":108}},"type":"binary-expr","locations":[{"start":{"line":100,"column":16},"end":{"line":100,"column":35}},{"start":{"line":100,"column":40},"end":{"line":100,"column":107}}],"line":100},"18":{"loc":{"start":{"line":103,"column":12},"end":{"line":112,"column":13}},"type":"if","locations":[{"start":{"line":103,"column":12},"end":{"line":112,"column":13}},{"start":{"line":103,"column":12},"end":{"line":112,"column":13}}],"line":103},"19":{"loc":{"start":{"line":119,"column":4},"end":{"line":125,"column":5}},"type":"if","locations":[{"start":{"line":119,"column":4},"end":{"line":125,"column":5}},{"start":{"line":119,"column":4},"end":{"line":125,"column":5}}],"line":119},"20":{"loc":{"start":{"line":121,"column":8},"end":{"line":124,"column":9}},"type":"if","locations":[{"start":{"line":121,"column":8},"end":{"line":124,"column":9}},{"start":{"line":121,"column":8},"end":{"line":124,"column":9}}],"line":121},"21":{"loc":{"start":{"line":126,"column":4},"end":{"line":130,"column":5}},"type":"if","locations":[{"start":{"line":126,"column":4},"end":{"line":130,"column":5}},{"start":{"line":126,"column":4},"end":{"line":130,"column":5}}],"line":126},"22":{"loc":{"start":{"line":137,"column":4},"end":{"line":151,"column":5}},"type":"if","locations":[{"start":{"line":137,"column":4},"end":{"line":151,"column":5}},{"start":{"line":137,"column":4},"end":{"line":151,"column":5}}],"line":137},"23":{"loc":{"start":{"line":142,"column":8},"end":{"line":144,"column":9}},"type":"if","locations":[{"start":{"line":142,"column":8},"end":{"line":144,"column":9}},{"start":{"line":142,"column":8},"end":{"line":144,"column":9}}],"line":142},"24":{"loc":{"start":{"line":153,"column":4},"end":{"line":156,"column":5}},"type":"if","locations":[{"start":{"line":153,"column":4},"end":{"line":156,"column":5}},{"start":{"line":153,"column":4},"end":{"line":156,"column":5}}],"line":153},"25":{"loc":{"start":{"line":168,"column":4},"end":{"line":171,"column":5}},"type":"if","locations":[{"start":{"line":168,"column":4},"end":{"line":171,"column":5}},{"start":{"line":168,"column":4},"end":{"line":171,"column":5}}],"line":168},"26":{"loc":{"start":{"line":168,"column":8},"end":{"line":168,"column":39}},"type":"binary-expr","locations":[{"start":{"line":168,"column":8},"end":{"line":168,"column":12}},{"start":{"line":168,"column":16},"end":{"line":168,"column":39}}],"line":168},"27":{"loc":{"start":{"line":187,"column":39},"end":{"line":187,"column":143}},"type":"binary-expr","locations":[{"start":{"line":187,"column":39},"end":{"line":187,"column":78}},{"start":{"line":187,"column":82},"end":{"line":187,"column":98}},{"start":{"line":187,"column":102},"end":{"line":187,"column":143}}],"line":187},"28":{"loc":{"start":{"line":196,"column":12},"end":{"line":198,"column":13}},"type":"if","locations":[{"start":{"line":196,"column":12},"end":{"line":198,"column":13}},{"start":{"line":196,"column":12},"end":{"line":198,"column":13}}],"line":196},"29":{"loc":{"start":{"line":196,"column":16},"end":{"line":196,"column":73}},"type":"binary-expr","locations":[{"start":{"line":196,"column":16},"end":{"line":196,"column":35}},{"start":{"line":196,"column":39},"end":{"line":196,"column":73}}],"line":196},"30":{"loc":{"start":{"line":213,"column":16},"end":{"line":238,"column":17}},"type":"if","locations":[{"start":{"line":213,"column":16},"end":{"line":238,"column":17}},{"start":{"line":213,"column":16},"end":{"line":238,"column":17}}],"line":213},"31":{"loc":{"start":{"line":220,"column":20},"end":{"line":232,"column":21}},"type":"if","locations":[{"start":{"line":220,"column":20},"end":{"line":232,"column":21}},{"start":{"line":220,"column":20},"end":{"line":232,"column":21}}],"line":220},"32":{"loc":{"start":{"line":222,"column":24},"end":{"line":227,"column":25}},"type":"if","locations":[{"start":{"line":222,"column":24},"end":{"line":227,"column":25}},{"start":{"line":222,"column":24},"end":{"line":227,"column":25}}],"line":222},"33":{"loc":{"start":{"line":229,"column":25},"end":{"line":232,"column":21}},"type":"if","locations":[{"start":{"line":229,"column":25},"end":{"line":232,"column":21}},{"start":{"line":229,"column":25},"end":{"line":232,"column":21}}],"line":229},"34":{"loc":{"start":{"line":244,"column":12},"end":{"line":246,"column":13}},"type":"if","locations":[{"start":{"line":244,"column":12},"end":{"line":246,"column":13}},{"start":{"line":244,"column":12},"end":{"line":246,"column":13}}],"line":244},"35":{"loc":{"start":{"line":244,"column":16},"end":{"line":244,"column":61}},"type":"binary-expr","locations":[{"start":{"line":244,"column":16},"end":{"line":244,"column":33}},{"start":{"line":244,"column":37},"end":{"line":244,"column":61}}],"line":244},"36":{"loc":{"start":{"line":254,"column":12},"end":{"line":258,"column":13}},"type":"if","locations":[{"start":{"line":254,"column":12},"end":{"line":258,"column":13}},{"start":{"line":254,"column":12},"end":{"line":258,"column":13}}],"line":254},"37":{"loc":{"start":{"line":280,"column":12},"end":{"line":288,"column":13}},"type":"if","locations":[{"start":{"line":280,"column":12},"end":{"line":288,"column":13}},{"start":{"line":280,"column":12},"end":{"line":288,"column":13}}],"line":280},"38":{"loc":{"start":{"line":283,"column":17},"end":{"line":288,"column":13}},"type":"if","locations":[{"start":{"line":283,"column":17},"end":{"line":288,"column":13}},{"start":{"line":283,"column":17},"end":{"line":288,"column":13}}],"line":283},"39":{"loc":{"start":{"line":283,"column":21},"end":{"line":283,"column":65}},"type":"binary-expr","locations":[{"start":{"line":283,"column":21},"end":{"line":283,"column":40}},{"start":{"line":283,"column":44},"end":{"line":283,"column":65}}],"line":283}},"s":{"0":28,"1":45,"2":24,"3":49,"4":43,"5":43,"6":1,"7":2,"8":2,"9":0,"10":93,"11":49,"12":28,"13":28,"14":28,"15":28,"16":28,"17":28,"18":28,"19":28,"20":28,"21":28,"22":28,"23":28,"24":28,"25":28,"26":28,"27":28,"28":28,"29":28,"30":21,"31":1,"32":1,"33":21,"34":15,"35":15,"36":15,"37":15,"38":15,"39":15,"40":0,"41":0,"42":15,"43":7,"44":7,"45":8,"46":8,"47":8,"48":2,"49":2,"50":2,"51":2,"52":2,"53":2,"54":2,"55":2,"56":2,"57":2,"58":4,"59":4,"60":4,"61":4,"62":4,"63":4,"64":4,"65":4,"66":4,"67":0,"68":0,"69":4,"70":21,"71":21,"72":4,"73":4,"74":1,"75":3,"76":2,"77":2,"78":2,"79":2,"80":2,"81":1,"82":26,"83":26,"84":26,"85":26,"86":26,"87":26,"88":26,"89":0,"90":26,"91":22,"92":22,"93":22,"94":22,"95":22,"96":22,"97":2,"98":0,"99":0,"100":0,"101":0,"102":21,"103":21,"104":1,"105":1,"106":21,"107":21,"108":21,"109":21,"110":21,"111":21,"112":21,"113":21,"114":0,"115":0,"116":28,"117":28,"118":28,"119":28,"120":26,"121":26,"122":25,"123":25,"124":24,"125":24,"126":24,"127":24,"128":24,"129":23,"130":22,"131":22,"132":22,"133":22,"134":4,"135":22,"136":22,"137":22,"138":21,"139":21,"140":21,"141":21,"142":21,"143":21,"144":21,"145":21,"146":4,"147":4,"148":4,"149":4,"150":4,"151":4,"152":4,"153":0,"154":4,"155":0,"156":0,"157":0,"158":4,"159":4,"160":2,"161":19,"162":2,"163":21,"164":4,"165":21,"166":21,"167":21,"168":1,"169":1,"170":21,"171":21,"172":21,"173":21,"174":20,"175":1,"176":1,"177":1,"178":1,"179":1,"180":21,"181":21,"182":21,"183":21,"184":20,"185":19,"186":1,"187":1,"188":0,"189":8,"190":28},"f":{"0":49,"1":45,"2":24,"3":49,"4":43,"5":2,"6":93,"7":21,"8":21,"9":2,"10":4,"11":21,"12":21,"13":26,"14":22,"15":21,"16":21,"17":28,"18":28},"b":{"0":[28,28,28],"1":[21,24],"2":[49,49],"3":[48,45],"4":[49,49],"5":[1,20],"6":[15,6],"7":[15,0],"8":[15,0],"9":[7,8],"10":[15,8],"11":[4,0],"12":[4,4],"13":[0,4],"14":[4,4,0],"15":[4,17],"16":[1,3],"17":[4,1],"18":[2,1],"19":[26,0],"20":[26,0],"21":[0,26],"22":[22,0],"23":[2,20],"24":[1,20],"25":[21,0],"26":[21,21],"27":[24,6,6],"28":[4,18],"29":[22,4],"30":[4,17],"31":[4,0],"32":[0,4],"33":[0,0],"34":[4,17],"35":[21,4],"36":[1,20],"37":[19,1],"38":[1,0],"39":[1,1]},"_coverageSchema":"1a1c01bbd47fc00a2c39e90264f33305004495a9","hash":"9fc8f964e7648bc2fea11fb1017e2bc19a2351b6"}
}
