{"total": {"lines":{"total":186,"covered":170,"skipped":0,"pct":91.39},"statements":{"total":191,"covered":174,"skipped":0,"pct":91.09},"functions":{"total":19,"covered":19,"skipped":0,"pct":100},"branches":{"total":83,"covered":68,"skipped":0,"pct":81.92},"branchesTrue":{"total":0,"covered":0,"skipped":0,"pct":"Unknown"}}
,"C:\\Users\\v-ellendular\\Downloads\\azure-pipelines-tasks\\_build\\Tasks\\GradleV2\\gradletask.js": {"lines":{"total":186,"covered":170,"skipped":0,"pct":91.39},"functions":{"total":19,"covered":19,"skipped":0,"pct":100},"statements":{"total":191,"covered":174,"skipped":0,"pct":91.09},"branches":{"total":83,"covered":68,"skipped":0,"pct":81.92}}
}
